{"C:\\Users\\djrub\\OneDrive\\מסמכים\\HugeProject\\OMS\\server\\dist\\server.js": {"path":"C:\\Users\\djrub\\OneDrive\\מסמכים\\HugeProject\\OMS\\server\\dist\\server.js","statementMap":{"0":{"start":{"line":3,"column":49},"end":{"line":3,"column":316}},"1":{"start":{"line":3,"column":149},"end":{"line":3,"column":165}},"2":{"start":{"line":3,"column":185},"end":{"line":3,"column":301}},"3":{"start":{"line":4,"column":0},"end":{"line":6,"column":3}},"4":{"start":{"line":7,"column":0},"end":{"line":7,"column":28}},"5":{"start":{"line":8,"column":12},"end":{"line":8,"column":51}},"6":{"start":{"line":9,"column":14},"end":{"line":9,"column":55}},"7":{"start":{"line":10,"column":15},"end":{"line":10,"column":57}},"8":{"start":{"line":11,"column":14},"end":{"line":11,"column":55}},"9":{"start":{"line":12,"column":18},"end":{"line":12,"column":75}},"10":{"start":{"line":13,"column":20},"end":{"line":13,"column":79}},"11":{"start":{"line":14,"column":26},"end":{"line":14,"column":92}},"12":{"start":{"line":15,"column":18},"end":{"line":15,"column":76}},"13":{"start":{"line":16,"column":20},"end":{"line":16,"column":68}},"14":{"start":{"line":17,"column":39},"end":{"line":17,"column":95}},"15":{"start":{"line":18,"column":196},"end":{"line":18,"column":263}},"16":{"start":{"line":18,"column":251},"end":{"line":18,"column":260}},"17":{"start":{"line":18,"column":275},"end":{"line":18,"column":277}},"18":{"start":{"line":18,"column":283},"end":{"line":18,"column":299}},"19":{"start":{"line":18,"column":305},"end":{"line":18,"column":321}},"20":{"start":{"line":18,"column":327},"end":{"line":18,"column":390}},"21":{"start":{"line":18,"column":373},"end":{"line":18,"column":388}},"22":{"start":{"line":18,"column":396},"end":{"line":18,"column":437}},"23":{"start":{"line":18,"column":443},"end":{"line":18,"column":469}},"24":{"start":{"line":18,"column":475},"end":{"line":18,"column":511}},"25":{"start":{"line":18,"column":517},"end":{"line":18,"column":549}},"26":{"start":{"line":18,"column":578},"end":{"line":18,"column":681}},"27":{"start":{"line":18,"column":684},"end":{"line":18,"column":777}},"28":{"start":{"line":18,"column":690},"end":{"line":18,"column":705}},"29":{"start":{"line":18,"column":720},"end":{"line":18,"column":775}},"30":{"start":{"line":18,"column":756},"end":{"line":18,"column":772}},"31":{"start":{"line":18,"column":814},"end":{"line":18,"column":867}},"32":{"start":{"line":18,"column":873},"end":{"line":18,"column":899}},"33":{"start":{"line":18,"column":905},"end":{"line":18,"column":925}},"34":{"start":{"line":18,"column":927},"end":{"line":18,"column":991}},"35":{"start":{"line":18,"column":1023},"end":{"line":18,"column":1124}},"36":{"start":{"line":18,"column":1029},"end":{"line":18,"column":1074}},"37":{"start":{"line":18,"column":1089},"end":{"line":18,"column":1122}},"38":{"start":{"line":18,"column":1127},"end":{"line":18,"column":1141}},"39":{"start":{"line":18,"column":1150},"end":{"line":18,"column":1166}},"40":{"start":{"line":18,"column":1172},"end":{"line":18,"column":1188}},"41":{"start":{"line":18,"column":1194},"end":{"line":18,"column":1205}},"42":{"start":{"line":18,"column":1211},"end":{"line":18,"column":1222}},"43":{"start":{"line":18,"column":1228},"end":{"line":18,"column":1230}},"44":{"start":{"line":18,"column":1337},"end":{"line":18,"column":1339}},"45":{"start":{"line":18,"column":1341},"end":{"line":18,"column":1384}},"46":{"start":{"line":18,"column":1368},"end":{"line":18,"column":1380}},"47":{"start":{"line":18,"column":1393},"end":{"line":18,"column":1414}},"48":{"start":{"line":18,"column":1420},"end":{"line":18,"column":1441}},"49":{"start":{"line":18,"column":1443},"end":{"line":18,"column":1483}},"50":{"start":{"line":18,"column":1492},"end":{"line":18,"column":1569}},"51":{"start":{"line":18,"column":1607},"end":{"line":18,"column":1720}},"52":{"start":{"line":18,"column":1658},"end":{"line":18,"column":1716}},"53":{"start":{"line":18,"column":1686},"end":{"line":18,"column":1712}},"54":{"start":{"line":18,"column":1792},"end":{"line":18,"column":1812}},"55":{"start":{"line":18,"column":1814},"end":{"line":18,"column":2152}},"56":{"start":{"line":18,"column":1848},"end":{"line":18,"column":1853}},"57":{"start":{"line":18,"column":1859},"end":{"line":18,"column":1866}},"58":{"start":{"line":18,"column":1868},"end":{"line":18,"column":2150}},"59":{"start":{"line":18,"column":1970},"end":{"line":18,"column":1994}},"60":{"start":{"line":18,"column":2013},"end":{"line":18,"column":2038}},"61":{"start":{"line":18,"column":2077},"end":{"line":18,"column":2095}},"62":{"start":{"line":18,"column":2114},"end":{"line":18,"column":2146}},"63":{"start":{"line":18,"column":2153},"end":{"line":18,"column":2162}},"64":{"start":{"line":18,"column":2172},"end":{"line":18,"column":2435}},"65":{"start":{"line":18,"column":2263},"end":{"line":18,"column":2317}},"66":{"start":{"line":18,"column":2294},"end":{"line":18,"column":2313}},"67":{"start":{"line":18,"column":2320},"end":{"line":18,"column":2429}},"68":{"start":{"line":18,"column":2483},"end":{"line":18,"column":2484}},"69":{"start":{"line":18,"column":2486},"end":{"line":18,"column":3215}},"70":{"start":{"line":18,"column":2511},"end":{"line":18,"column":2572}},"71":{"start":{"line":18,"column":2524},"end":{"line":18,"column":2572}},"72":{"start":{"line":18,"column":2573},"end":{"line":18,"column":2648}},"73":{"start":{"line":18,"column":2588},"end":{"line":18,"column":2615}},"74":{"start":{"line":18,"column":2607},"end":{"line":18,"column":2615}},"75":{"start":{"line":18,"column":2616},"end":{"line":18,"column":2646}},"76":{"start":{"line":18,"column":2649},"end":{"line":18,"column":3212}},"77":{"start":{"line":18,"column":2691},"end":{"line":18,"column":2701}},"78":{"start":{"line":18,"column":2703},"end":{"line":18,"column":2792}},"79":{"start":{"line":18,"column":2720},"end":{"line":18,"column":2745}},"80":{"start":{"line":18,"column":2747},"end":{"line":18,"column":2790}},"81":{"start":{"line":18,"column":2756},"end":{"line":18,"column":2778}},"82":{"start":{"line":18,"column":2769},"end":{"line":18,"column":2778}},"83":{"start":{"line":18,"column":2779},"end":{"line":18,"column":2788}},"84":{"start":{"line":18,"column":2793},"end":{"line":18,"column":2995}},"85":{"start":{"line":18,"column":2818},"end":{"line":18,"column":2843}},"86":{"start":{"line":18,"column":2848},"end":{"line":18,"column":2995}},"87":{"start":{"line":18,"column":2876},"end":{"line":18,"column":2908}},"88":{"start":{"line":18,"column":2889},"end":{"line":18,"column":2908}},"89":{"start":{"line":18,"column":2909},"end":{"line":18,"column":2936}},"90":{"start":{"line":18,"column":2944},"end":{"line":18,"column":2995}},"91":{"start":{"line":18,"column":2996},"end":{"line":18,"column":3002}},"92":{"start":{"line":18,"column":3011},"end":{"line":18,"column":3028}},"93":{"start":{"line":18,"column":3030},"end":{"line":18,"column":3144}},"94":{"start":{"line":18,"column":3057},"end":{"line":18,"column":3103}},"95":{"start":{"line":18,"column":3094},"end":{"line":18,"column":3103}},"96":{"start":{"line":18,"column":3104},"end":{"line":18,"column":3142}},"97":{"start":{"line":18,"column":3145},"end":{"line":18,"column":3210}},"98":{"start":{"line":18,"column":3263},"end":{"line":18,"column":3271}},"99":{"start":{"line":18,"column":3277},"end":{"line":18,"column":3290}},"100":{"start":{"line":18,"column":3292},"end":{"line":18,"column":3576}},"101":{"start":{"line":18,"column":3305},"end":{"line":18,"column":3576}},"102":{"start":{"line":18,"column":3585},"end":{"line":18,"column":3615}},"103":{"start":{"line":18,"column":3617},"end":{"line":18,"column":3704}},"104":{"start":{"line":18,"column":3641},"end":{"line":18,"column":3704}},"105":{"start":{"line":18,"column":3713},"end":{"line":18,"column":3718}},"106":{"start":{"line":18,"column":3720},"end":{"line":18,"column":3975}},"107":{"start":{"line":18,"column":4013},"end":{"line":18,"column":4029}},"108":{"start":{"line":18,"column":4031},"end":{"line":18,"column":4138}},"109":{"start":{"line":18,"column":4177},"end":{"line":18,"column":4195}},"110":{"start":{"line":18,"column":4197},"end":{"line":18,"column":4247}},"111":{"start":{"line":18,"column":4272},"end":{"line":18,"column":4358}},"112":{"start":{"line":18,"column":4382},"end":{"line":18,"column":4703}},"113":{"start":{"line":18,"column":4411},"end":{"line":18,"column":4415}},"114":{"start":{"line":18,"column":4417},"end":{"line":18,"column":4441}},"115":{"start":{"line":18,"column":4424},"end":{"line":18,"column":4441}},"116":{"start":{"line":18,"column":4442},"end":{"line":18,"column":4484}},"117":{"start":{"line":18,"column":4475},"end":{"line":18,"column":4484}},"118":{"start":{"line":18,"column":4485},"end":{"line":18,"column":4701}},"119":{"start":{"line":18,"column":4517},"end":{"line":18,"column":4519}},"120":{"start":{"line":18,"column":4525},"end":{"line":18,"column":4679}},"121":{"start":{"line":18,"column":4543},"end":{"line":18,"column":4632}},"122":{"start":{"line":18,"column":4567},"end":{"line":18,"column":4632}},"123":{"start":{"line":18,"column":4585},"end":{"line":18,"column":4632}},"124":{"start":{"line":18,"column":4633},"end":{"line":18,"column":4677}},"125":{"start":{"line":18,"column":4681},"end":{"line":18,"column":4699}},"126":{"start":{"line":18,"column":4704},"end":{"line":18,"column":4757}},"127":{"start":{"line":18,"column":4760},"end":{"line":18,"column":9059}},"128":{"start":{"line":18,"column":5136},"end":{"line":18,"column":5175}},"129":{"start":{"line":18,"column":5177},"end":{"line":18,"column":5270}},"130":{"start":{"line":18,"column":5298},"end":{"line":18,"column":5497}},"131":{"start":{"line":18,"column":5526},"end":{"line":18,"column":5548}},"132":{"start":{"line":18,"column":5649},"end":{"line":18,"column":5661}},"133":{"start":{"line":18,"column":5736},"end":{"line":18,"column":5766}},"134":{"start":{"line":18,"column":5775},"end":{"line":18,"column":5813}},"135":{"start":{"line":18,"column":5815},"end":{"line":18,"column":5921}},"136":{"start":{"line":18,"column":5882},"end":{"line":18,"column":5917}},"137":{"start":{"line":18,"column":6005},"end":{"line":18,"column":6017}},"138":{"start":{"line":18,"column":6058},"end":{"line":18,"column":6086}},"139":{"start":{"line":18,"column":6123},"end":{"line":18,"column":6132}},"140":{"start":{"line":18,"column":6138},"end":{"line":18,"column":6140}},"141":{"start":{"line":18,"column":6142},"end":{"line":18,"column":6169}},"142":{"start":{"line":18,"column":6159},"end":{"line":18,"column":6169}},"143":{"start":{"line":18,"column":6170},"end":{"line":18,"column":6335}},"144":{"start":{"line":18,"column":6208},"end":{"line":18,"column":6303}},"145":{"start":{"line":18,"column":6236},"end":{"line":18,"column":6243}},"146":{"start":{"line":18,"column":6245},"end":{"line":18,"column":6301}},"147":{"start":{"line":18,"column":6257},"end":{"line":18,"column":6301}},"148":{"start":{"line":18,"column":6304},"end":{"line":18,"column":6332}},"149":{"start":{"line":18,"column":6429},"end":{"line":18,"column":6708}},"150":{"start":{"line":18,"column":6609},"end":{"line":18,"column":6708}},"151":{"start":{"line":18,"column":6629},"end":{"line":18,"column":6708}},"152":{"start":{"line":18,"column":6736},"end":{"line":18,"column":6751}},"153":{"start":{"line":18,"column":6760},"end":{"line":18,"column":6789}},"154":{"start":{"line":18,"column":6791},"end":{"line":18,"column":6827}},"155":{"start":{"line":18,"column":6815},"end":{"line":18,"column":6827}},"156":{"start":{"line":18,"column":6828},"end":{"line":18,"column":6845}},"157":{"start":{"line":18,"column":6900},"end":{"line":18,"column":6923}},"158":{"start":{"line":18,"column":6915},"end":{"line":18,"column":6923}},"159":{"start":{"line":18,"column":6932},"end":{"line":18,"column":6936}},"160":{"start":{"line":18,"column":6962},"end":{"line":18,"column":7051}},"161":{"start":{"line":18,"column":7054},"end":{"line":18,"column":7639}},"162":{"start":{"line":18,"column":7067},"end":{"line":18,"column":7093}},"163":{"start":{"line":18,"column":7118},"end":{"line":18,"column":7136}},"164":{"start":{"line":18,"column":7142},"end":{"line":18,"column":7154}},"165":{"start":{"line":18,"column":7156},"end":{"line":18,"column":7202}},"166":{"start":{"line":18,"column":7181},"end":{"line":18,"column":7202}},"167":{"start":{"line":18,"column":7203},"end":{"line":18,"column":7637}},"168":{"start":{"line":18,"column":7240},"end":{"line":18,"column":7261}},"169":{"start":{"line":18,"column":7267},"end":{"line":18,"column":7290}},"170":{"start":{"line":18,"column":7292},"end":{"line":18,"column":7635}},"171":{"start":{"line":18,"column":7306},"end":{"line":18,"column":7364}},"172":{"start":{"line":18,"column":7334},"end":{"line":18,"column":7364}},"173":{"start":{"line":18,"column":7365},"end":{"line":18,"column":7423}},"174":{"start":{"line":18,"column":7395},"end":{"line":18,"column":7423}},"175":{"start":{"line":18,"column":7431},"end":{"line":18,"column":7635}},"176":{"start":{"line":18,"column":7440},"end":{"line":18,"column":7498}},"177":{"start":{"line":18,"column":7468},"end":{"line":18,"column":7498}},"178":{"start":{"line":18,"column":7508},"end":{"line":18,"column":7574}},"179":{"start":{"line":18,"column":7516},"end":{"line":18,"column":7574}},"180":{"start":{"line":18,"column":7575},"end":{"line":18,"column":7633}},"181":{"start":{"line":18,"column":7605},"end":{"line":18,"column":7633}},"182":{"start":{"line":18,"column":7675},"end":{"line":18,"column":7864}},"183":{"start":{"line":18,"column":7688},"end":{"line":18,"column":7714}},"184":{"start":{"line":18,"column":7739},"end":{"line":18,"column":7757}},"185":{"start":{"line":18,"column":7759},"end":{"line":18,"column":7862}},"186":{"start":{"line":18,"column":7851},"end":{"line":18,"column":7852}},"187":{"start":{"line":18,"column":7854},"end":{"line":18,"column":7860}},"188":{"start":{"line":18,"column":7865},"end":{"line":18,"column":7958}},"189":{"start":{"line":18,"column":7967},"end":{"line":18,"column":7988}},"190":{"start":{"line":18,"column":7990},"end":{"line":18,"column":8095}},"191":{"start":{"line":18,"column":8135},"end":{"line":18,"column":8171}},"192":{"start":{"line":18,"column":8159},"end":{"line":18,"column":8171}},"193":{"start":{"line":18,"column":8172},"end":{"line":18,"column":8390}},"194":{"start":{"line":18,"column":8423},"end":{"line":18,"column":8601}},"195":{"start":{"line":18,"column":8436},"end":{"line":18,"column":8462}},"196":{"start":{"line":18,"column":8487},"end":{"line":18,"column":8505}},"197":{"start":{"line":18,"column":8507},"end":{"line":18,"column":8599}},"198":{"start":{"line":18,"column":8531},"end":{"line":18,"column":8599}},"199":{"start":{"line":18,"column":8635},"end":{"line":18,"column":8837}},"200":{"start":{"line":18,"column":8648},"end":{"line":18,"column":8674}},"201":{"start":{"line":18,"column":8699},"end":{"line":18,"column":8717}},"202":{"start":{"line":18,"column":8719},"end":{"line":18,"column":8835}},"203":{"start":{"line":18,"column":8749},"end":{"line":18,"column":8761}},"204":{"start":{"line":18,"column":8763},"end":{"line":18,"column":8823}},"205":{"start":{"line":18,"column":8797},"end":{"line":18,"column":8802}},"206":{"start":{"line":18,"column":8804},"end":{"line":18,"column":8821}},"207":{"start":{"line":18,"column":8824},"end":{"line":18,"column":8833}},"208":{"start":{"line":18,"column":8838},"end":{"line":18,"column":8879}},"209":{"start":{"line":18,"column":8932},"end":{"line":18,"column":9051}},"210":{"start":{"line":19,"column":77},"end":{"line":19,"column":175}},"211":{"start":{"line":19,"column":94},"end":{"line":19,"column":107}},"212":{"start":{"line":19,"column":121},"end":{"line":19,"column":131}},"213":{"start":{"line":19,"column":151},"end":{"line":19,"column":165}},"214":{"start":{"line":19,"column":166},"end":{"line":19,"column":173}},"215":{"start":{"line":19,"column":176},"end":{"line":19,"column":263}},"216":{"start":{"line":19,"column":193},"end":{"line":19,"column":208}},"217":{"start":{"line":19,"column":218},"end":{"line":19,"column":261}},"218":{"start":{"line":20,"column":33},"end":{"line":20,"column":387}},"219":{"start":{"line":20,"column":65},"end":{"line":20,"column":69}},"220":{"start":{"line":20,"column":78},"end":{"line":20,"column":87}},"221":{"start":{"line":20,"column":89},"end":{"line":20,"column":384}},"222":{"start":{"line":20,"column":147},"end":{"line":20,"column":167}},"223":{"start":{"line":20,"column":193},"end":{"line":20,"column":264}},"224":{"start":{"line":20,"column":290},"end":{"line":20,"column":360}},"225":{"start":{"line":20,"column":363},"end":{"line":20,"column":380}},"226":{"start":{"line":21,"column":10},"end":{"line":21,"column":36}},"227":{"start":{"line":22,"column":0},"end":{"line":22,"column":28}},"228":{"start":{"line":23,"column":0},"end":{"line":23,"column":33}},"229":{"start":{"line":24,"column":0},"end":{"line":24,"column":40}},"230":{"start":{"line":25,"column":0},"end":{"line":25,"column":36}},"231":{"start":{"line":26,"column":0},"end":{"line":26,"column":41}},"232":{"start":{"line":27,"column":0},"end":{"line":27,"column":46}},"233":{"start":{"line":28,"column":0},"end":{"line":28,"column":49}},"234":{"start":{"line":29,"column":11},"end":{"line":29,"column":35}},"235":{"start":{"line":30,"column":8},"end":{"line":30,"column":36}},"236":{"start":{"line":31,"column":0},"end":{"line":45,"column":5}},"237":{"start":{"line":32,"column":2},"end":{"line":44,"column":14}},"238":{"start":{"line":33,"column":4},"end":{"line":43,"column":5}},"239":{"start":{"line":33,"column":14},"end":{"line":43,"column":5}},"240":{"start":{"line":35,"column":8},"end":{"line":35,"column":26}},"241":{"start":{"line":36,"column":8},"end":{"line":36,"column":53}},"242":{"start":{"line":39,"column":8},"end":{"line":39,"column":63}},"243":{"start":{"line":42,"column":8},"end":{"line":42,"column":31}},"244":{"start":{"line":46,"column":15},"end":{"line":46,"column":39}}},"fnMap":{"0":{"name":"_typeof","decl":{"start":{"line":3,"column":9},"end":{"line":3,"column":16}},"loc":{"start":{"line":3,"column":20},"end":{"line":3,"column":318}},"line":3},"1":{"name":"(anonymous_1)","decl":{"start":{"line":3,"column":134},"end":{"line":3,"column":135}},"loc":{"start":{"line":3,"column":147},"end":{"line":3,"column":167}},"line":3},"2":{"name":"(anonymous_2)","decl":{"start":{"line":3,"column":170},"end":{"line":3,"column":171}},"loc":{"start":{"line":3,"column":183},"end":{"line":3,"column":303}},"line":3},"3":{"name":"_interopRequireDefault","decl":{"start":{"line":17,"column":9},"end":{"line":17,"column":31}},"loc":{"start":{"line":17,"column":37},"end":{"line":17,"column":97}},"line":17},"4":{"name":"_regeneratorRuntime","decl":{"start":{"line":18,"column":9},"end":{"line":18,"column":28}},"loc":{"start":{"line":18,"column":31},"end":{"line":18,"column":9061}},"line":18},"5":{"name":"_regeneratorRuntime","decl":{"start":{"line":18,"column":227},"end":{"line":18,"column":246}},"loc":{"start":{"line":18,"column":249},"end":{"line":18,"column":262}},"line":18},"6":{"name":"(anonymous_6)","decl":{"start":{"line":18,"column":352},"end":{"line":18,"column":353}},"loc":{"start":{"line":18,"column":371},"end":{"line":18,"column":390}},"line":18},"7":{"name":"define","decl":{"start":{"line":18,"column":560},"end":{"line":18,"column":566}},"loc":{"start":{"line":18,"column":576},"end":{"line":18,"column":683}},"line":18},"8":{"name":"define","decl":{"start":{"line":18,"column":738},"end":{"line":18,"column":744}},"loc":{"start":{"line":18,"column":754},"end":{"line":18,"column":774}},"line":18},"9":{"name":"wrap","decl":{"start":{"line":18,"column":787},"end":{"line":18,"column":791}},"loc":{"start":{"line":18,"column":804},"end":{"line":18,"column":993}},"line":18},"10":{"name":"tryCatch","decl":{"start":{"line":18,"column":1003},"end":{"line":18,"column":1011}},"loc":{"start":{"line":18,"column":1021},"end":{"line":18,"column":1126}},"line":18},"11":{"name":"Generator","decl":{"start":{"line":18,"column":1241},"end":{"line":18,"column":1250}},"loc":{"start":{"line":18,"column":1253},"end":{"line":18,"column":1255}},"line":18},"12":{"name":"GeneratorFunction","decl":{"start":{"line":18,"column":1265},"end":{"line":18,"column":1282}},"loc":{"start":{"line":18,"column":1285},"end":{"line":18,"column":1287}},"line":18},"13":{"name":"GeneratorFunctionPrototype","decl":{"start":{"line":18,"column":1297},"end":{"line":18,"column":1323}},"loc":{"start":{"line":18,"column":1326},"end":{"line":18,"column":1328}},"line":18},"14":{"name":"(anonymous_14)","decl":{"start":{"line":18,"column":1354},"end":{"line":18,"column":1355}},"loc":{"start":{"line":18,"column":1366},"end":{"line":18,"column":1382}},"line":18},"15":{"name":"defineIteratorMethods","decl":{"start":{"line":18,"column":1580},"end":{"line":18,"column":1601}},"loc":{"start":{"line":18,"column":1605},"end":{"line":18,"column":1722}},"line":18},"16":{"name":"(anonymous_16)","decl":{"start":{"line":18,"column":1643},"end":{"line":18,"column":1644}},"loc":{"start":{"line":18,"column":1656},"end":{"line":18,"column":1718}},"line":18},"17":{"name":"(anonymous_17)","decl":{"start":{"line":18,"column":1671},"end":{"line":18,"column":1672}},"loc":{"start":{"line":18,"column":1684},"end":{"line":18,"column":1714}},"line":18},"18":{"name":"AsyncIterator","decl":{"start":{"line":18,"column":1732},"end":{"line":18,"column":1745}},"loc":{"start":{"line":18,"column":1752},"end":{"line":18,"column":2437}},"line":18},"19":{"name":"invoke","decl":{"start":{"line":18,"column":1763},"end":{"line":18,"column":1769}},"loc":{"start":{"line":18,"column":1782},"end":{"line":18,"column":2164}},"line":18},"20":{"name":"(anonymous_20)","decl":{"start":{"line":18,"column":1955},"end":{"line":18,"column":1956}},"loc":{"start":{"line":18,"column":1968},"end":{"line":18,"column":1996}},"line":18},"21":{"name":"(anonymous_21)","decl":{"start":{"line":18,"column":1998},"end":{"line":18,"column":1999}},"loc":{"start":{"line":18,"column":2011},"end":{"line":18,"column":2040}},"line":18},"22":{"name":"(anonymous_22)","decl":{"start":{"line":18,"column":2062},"end":{"line":18,"column":2063}},"loc":{"start":{"line":18,"column":2075},"end":{"line":18,"column":2097}},"line":18},"23":{"name":"(anonymous_23)","decl":{"start":{"line":18,"column":2099},"end":{"line":18,"column":2100}},"loc":{"start":{"line":18,"column":2112},"end":{"line":18,"column":2148}},"line":18},"24":{"name":"value","decl":{"start":{"line":18,"column":2209},"end":{"line":18,"column":2214}},"loc":{"start":{"line":18,"column":2221},"end":{"line":18,"column":2431}},"line":18},"25":{"name":"callInvokeWithMethodAndArg","decl":{"start":{"line":18,"column":2232},"end":{"line":18,"column":2258}},"loc":{"start":{"line":18,"column":2261},"end":{"line":18,"column":2319}},"line":18},"26":{"name":"(anonymous_26)","decl":{"start":{"line":18,"column":2276},"end":{"line":18,"column":2277}},"loc":{"start":{"line":18,"column":2292},"end":{"line":18,"column":2315}},"line":18},"27":{"name":"makeInvokeMethod","decl":{"start":{"line":18,"column":2447},"end":{"line":18,"column":2463}},"loc":{"start":{"line":18,"column":2473},"end":{"line":18,"column":3217}},"line":18},"28":{"name":"(anonymous_28)","decl":{"start":{"line":18,"column":2493},"end":{"line":18,"column":2494}},"loc":{"start":{"line":18,"column":2509},"end":{"line":18,"column":3214}},"line":18},"29":{"name":"maybeInvokeDelegate","decl":{"start":{"line":18,"column":3227},"end":{"line":18,"column":3246}},"loc":{"start":{"line":18,"column":3253},"end":{"line":18,"column":3977}},"line":18},"30":{"name":"pushTryEntry","decl":{"start":{"line":18,"column":3987},"end":{"line":18,"column":3999}},"loc":{"start":{"line":18,"column":4003},"end":{"line":18,"column":4140}},"line":18},"31":{"name":"resetTryEntry","decl":{"start":{"line":18,"column":4150},"end":{"line":18,"column":4163}},"loc":{"start":{"line":18,"column":4167},"end":{"line":18,"column":4249}},"line":18},"32":{"name":"Context","decl":{"start":{"line":18,"column":4259},"end":{"line":18,"column":4266}},"loc":{"start":{"line":18,"column":4270},"end":{"line":18,"column":4360}},"line":18},"33":{"name":"values","decl":{"start":{"line":18,"column":4370},"end":{"line":18,"column":4376}},"loc":{"start":{"line":18,"column":4380},"end":{"line":18,"column":4759}},"line":18},"34":{"name":"next","decl":{"start":{"line":18,"column":4534},"end":{"line":18,"column":4538}},"loc":{"start":{"line":18,"column":4541},"end":{"line":18,"column":4679}},"line":18},"35":{"name":"(anonymous_35)","decl":{"start":{"line":18,"column":5113},"end":{"line":18,"column":5114}},"loc":{"start":{"line":18,"column":5126},"end":{"line":18,"column":5272}},"line":18},"36":{"name":"(anonymous_36)","decl":{"start":{"line":18,"column":5283},"end":{"line":18,"column":5284}},"loc":{"start":{"line":18,"column":5296},"end":{"line":18,"column":5499}},"line":18},"37":{"name":"(anonymous_37)","decl":{"start":{"line":18,"column":5511},"end":{"line":18,"column":5512}},"loc":{"start":{"line":18,"column":5524},"end":{"line":18,"column":5550}},"line":18},"38":{"name":"(anonymous_38)","decl":{"start":{"line":18,"column":5635},"end":{"line":18,"column":5636}},"loc":{"start":{"line":18,"column":5647},"end":{"line":18,"column":5663}},"line":18},"39":{"name":"(anonymous_39)","decl":{"start":{"line":18,"column":5709},"end":{"line":18,"column":5710}},"loc":{"start":{"line":18,"column":5734},"end":{"line":18,"column":5923}},"line":18},"40":{"name":"(anonymous_40)","decl":{"start":{"line":18,"column":5867},"end":{"line":18,"column":5868}},"loc":{"start":{"line":18,"column":5880},"end":{"line":18,"column":5919}},"line":18},"41":{"name":"(anonymous_41)","decl":{"start":{"line":18,"column":5991},"end":{"line":18,"column":5992}},"loc":{"start":{"line":18,"column":6003},"end":{"line":18,"column":6019}},"line":18},"42":{"name":"(anonymous_42)","decl":{"start":{"line":18,"column":6044},"end":{"line":18,"column":6045}},"loc":{"start":{"line":18,"column":6056},"end":{"line":18,"column":6088}},"line":18},"43":{"name":"(anonymous_43)","decl":{"start":{"line":18,"column":6100},"end":{"line":18,"column":6101}},"loc":{"start":{"line":18,"column":6113},"end":{"line":18,"column":6337}},"line":18},"44":{"name":"next","decl":{"start":{"line":18,"column":6199},"end":{"line":18,"column":6203}},"loc":{"start":{"line":18,"column":6206},"end":{"line":18,"column":6334}},"line":18},"45":{"name":"reset","decl":{"start":{"line":18,"column":6418},"end":{"line":18,"column":6423}},"loc":{"start":{"line":18,"column":6427},"end":{"line":18,"column":6710}},"line":18},"46":{"name":"stop","decl":{"start":{"line":18,"column":6727},"end":{"line":18,"column":6731}},"loc":{"start":{"line":18,"column":6734},"end":{"line":18,"column":6847}},"line":18},"47":{"name":"dispatchException","decl":{"start":{"line":18,"column":6877},"end":{"line":18,"column":6894}},"loc":{"start":{"line":18,"column":6898},"end":{"line":18,"column":7641}},"line":18},"48":{"name":"handle","decl":{"start":{"line":18,"column":6947},"end":{"line":18,"column":6953}},"loc":{"start":{"line":18,"column":6960},"end":{"line":18,"column":7053}},"line":18},"49":{"name":"abrupt","decl":{"start":{"line":18,"column":7660},"end":{"line":18,"column":7666}},"loc":{"start":{"line":18,"column":7673},"end":{"line":18,"column":8097}},"line":18},"50":{"name":"complete","decl":{"start":{"line":18,"column":8118},"end":{"line":18,"column":8126}},"loc":{"start":{"line":18,"column":8133},"end":{"line":18,"column":8392}},"line":18},"51":{"name":"finish","decl":{"start":{"line":18,"column":8411},"end":{"line":18,"column":8417}},"loc":{"start":{"line":18,"column":8421},"end":{"line":18,"column":8603}},"line":18},"52":{"name":"_catch","decl":{"start":{"line":18,"column":8623},"end":{"line":18,"column":8629}},"loc":{"start":{"line":18,"column":8633},"end":{"line":18,"column":8881}},"line":18},"53":{"name":"delegateYield","decl":{"start":{"line":18,"column":8907},"end":{"line":18,"column":8920}},"loc":{"start":{"line":18,"column":8930},"end":{"line":18,"column":9053}},"line":18},"54":{"name":"asyncGeneratorStep","decl":{"start":{"line":19,"column":9},"end":{"line":19,"column":27}},"loc":{"start":{"line":19,"column":75},"end":{"line":19,"column":265}},"line":19},"55":{"name":"_asyncToGenerator","decl":{"start":{"line":20,"column":9},"end":{"line":20,"column":26}},"loc":{"start":{"line":20,"column":31},"end":{"line":20,"column":389}},"line":20},"56":{"name":"(anonymous_56)","decl":{"start":{"line":20,"column":40},"end":{"line":20,"column":41}},"loc":{"start":{"line":20,"column":52},"end":{"line":20,"column":386}},"line":20},"57":{"name":"(anonymous_57)","decl":{"start":{"line":20,"column":108},"end":{"line":20,"column":109}},"loc":{"start":{"line":20,"column":135},"end":{"line":20,"column":382}},"line":20},"58":{"name":"_next","decl":{"start":{"line":20,"column":178},"end":{"line":20,"column":183}},"loc":{"start":{"line":20,"column":191},"end":{"line":20,"column":266}},"line":20},"59":{"name":"_throw","decl":{"start":{"line":20,"column":276},"end":{"line":20,"column":282}},"loc":{"start":{"line":20,"column":288},"end":{"line":20,"column":362}},"line":20},"60":{"name":"_callee","decl":{"start":{"line":31,"column":98},"end":{"line":31,"column":105}},"loc":{"start":{"line":31,"column":108},"end":{"line":45,"column":1}},"line":31},"61":{"name":"_callee$","decl":{"start":{"line":32,"column":45},"end":{"line":32,"column":53}},"loc":{"start":{"line":32,"column":64},"end":{"line":44,"column":3}},"line":32}},"branchMap":{"0":{"loc":{"start":{"line":3,"column":66},"end":{"line":3,"column":303}},"type":"cond-expr","locations":[{"start":{"line":3,"column":134},"end":{"line":3,"column":167}},{"start":{"line":3,"column":170},"end":{"line":3,"column":303}}],"line":3},"1":{"loc":{"start":{"line":3,"column":66},"end":{"line":3,"column":131}},"type":"binary-expr","locations":[{"start":{"line":3,"column":66},"end":{"line":3,"column":93}},{"start":{"line":3,"column":97},"end":{"line":3,"column":131}}],"line":3},"2":{"loc":{"start":{"line":3,"column":192},"end":{"line":3,"column":300}},"type":"cond-expr","locations":[{"start":{"line":3,"column":281},"end":{"line":3,"column":289}},{"start":{"line":3,"column":292},"end":{"line":3,"column":300}}],"line":3},"3":{"loc":{"start":{"line":3,"column":192},"end":{"line":3,"column":278}},"type":"binary-expr","locations":[{"start":{"line":3,"column":192},"end":{"line":3,"column":193}},{"start":{"line":3,"column":197},"end":{"line":3,"column":224}},{"start":{"line":3,"column":228},"end":{"line":3,"column":252}},{"start":{"line":3,"column":256},"end":{"line":3,"column":278}}],"line":3},"4":{"loc":{"start":{"line":17,"column":46},"end":{"line":17,"column":94}},"type":"cond-expr","locations":[{"start":{"line":17,"column":70},"end":{"line":17,"column":73}},{"start":{"line":17,"column":76},"end":{"line":17,"column":94}}],"line":17},"5":{"loc":{"start":{"line":17,"column":46},"end":{"line":17,"column":67}},"type":"binary-expr","locations":[{"start":{"line":17,"column":46},"end":{"line":17,"column":49}},{"start":{"line":17,"column":53},"end":{"line":17,"column":67}}],"line":17},"6":{"loc":{"start":{"line":18,"column":327},"end":{"line":18,"column":390}},"type":"binary-expr","locations":[{"start":{"line":18,"column":327},"end":{"line":18,"column":348}},{"start":{"line":18,"column":352},"end":{"line":18,"column":390}}],"line":18},"7":{"loc":{"start":{"line":18,"column":396},"end":{"line":18,"column":437}},"type":"cond-expr","locations":[{"start":{"line":18,"column":426},"end":{"line":18,"column":432}},{"start":{"line":18,"column":435},"end":{"line":18,"column":437}}],"line":18},"8":{"loc":{"start":{"line":18,"column":443},"end":{"line":18,"column":469}},"type":"binary-expr","locations":[{"start":{"line":18,"column":443},"end":{"line":18,"column":453}},{"start":{"line":18,"column":457},"end":{"line":18,"column":469}}],"line":18},"9":{"loc":{"start":{"line":18,"column":475},"end":{"line":18,"column":511}},"type":"binary-expr","locations":[{"start":{"line":18,"column":475},"end":{"line":18,"column":490}},{"start":{"line":18,"column":494},"end":{"line":18,"column":511}}],"line":18},"10":{"loc":{"start":{"line":18,"column":517},"end":{"line":18,"column":549}},"type":"binary-expr","locations":[{"start":{"line":18,"column":517},"end":{"line":18,"column":530}},{"start":{"line":18,"column":534},"end":{"line":18,"column":549}}],"line":18},"11":{"loc":{"start":{"line":18,"column":814},"end":{"line":18,"column":867}},"type":"cond-expr","locations":[{"start":{"line":18,"column":854},"end":{"line":18,"column":855}},{"start":{"line":18,"column":858},"end":{"line":18,"column":867}}],"line":18},"12":{"loc":{"start":{"line":18,"column":814},"end":{"line":18,"column":851}},"type":"binary-expr","locations":[{"start":{"line":18,"column":814},"end":{"line":18,"column":815}},{"start":{"line":18,"column":819},"end":{"line":18,"column":851}}],"line":18},"13":{"loc":{"start":{"line":18,"column":917},"end":{"line":18,"column":924}},"type":"binary-expr","locations":[{"start":{"line":18,"column":917},"end":{"line":18,"column":918}},{"start":{"line":18,"column":922},"end":{"line":18,"column":924}}],"line":18},"14":{"loc":{"start":{"line":18,"column":1420},"end":{"line":18,"column":1441}},"type":"binary-expr","locations":[{"start":{"line":18,"column":1420},"end":{"line":18,"column":1421}},{"start":{"line":18,"column":1425},"end":{"line":18,"column":1441}}],"line":18},"15":{"loc":{"start":{"line":18,"column":1443},"end":{"line":18,"column":1482}},"type":"binary-expr","locations":[{"start":{"line":18,"column":1443},"end":{"line":18,"column":1444}},{"start":{"line":18,"column":1448},"end":{"line":18,"column":1455}},{"start":{"line":18,"column":1459},"end":{"line":18,"column":1471}},{"start":{"line":18,"column":1476},"end":{"line":18,"column":1481}}],"line":18},"16":{"loc":{"start":{"line":18,"column":1814},"end":{"line":18,"column":2152}},"type":"if","locations":[{"start":{"line":18,"column":1814},"end":{"line":18,"column":2152}},{"start":{},"end":{}}],"line":18},"17":{"loc":{"start":{"line":18,"column":1875},"end":{"line":18,"column":2149}},"type":"cond-expr","locations":[{"start":{"line":18,"column":1929},"end":{"line":18,"column":2041}},{"start":{"line":18,"column":2044},"end":{"line":18,"column":2149}}],"line":18},"18":{"loc":{"start":{"line":18,"column":1875},"end":{"line":18,"column":1926}},"type":"binary-expr","locations":[{"start":{"line":18,"column":1875},"end":{"line":18,"column":1876}},{"start":{"line":18,"column":1880},"end":{"line":18,"column":1902}},{"start":{"line":18,"column":1906},"end":{"line":18,"column":1926}}],"line":18},"19":{"loc":{"start":{"line":18,"column":2331},"end":{"line":18,"column":2428}},"type":"cond-expr","locations":[{"start":{"line":18,"column":2335},"end":{"line":18,"column":2397}},{"start":{"line":18,"column":2400},"end":{"line":18,"column":2428}}],"line":18},"20":{"loc":{"start":{"line":18,"column":2511},"end":{"line":18,"column":2572}},"type":"if","locations":[{"start":{"line":18,"column":2511},"end":{"line":18,"column":2572}},{"start":{},"end":{}}],"line":18},"21":{"loc":{"start":{"line":18,"column":2573},"end":{"line":18,"column":2648}},"type":"if","locations":[{"start":{"line":18,"column":2573},"end":{"line":18,"column":2648}},{"start":{},"end":{}}],"line":18},"22":{"loc":{"start":{"line":18,"column":2588},"end":{"line":18,"column":2615}},"type":"if","locations":[{"start":{"line":18,"column":2588},"end":{"line":18,"column":2615}},{"start":{},"end":{}}],"line":18},"23":{"loc":{"start":{"line":18,"column":2703},"end":{"line":18,"column":2792}},"type":"if","locations":[{"start":{"line":18,"column":2703},"end":{"line":18,"column":2792}},{"start":{},"end":{}}],"line":18},"24":{"loc":{"start":{"line":18,"column":2747},"end":{"line":18,"column":2790}},"type":"if","locations":[{"start":{"line":18,"column":2747},"end":{"line":18,"column":2790}},{"start":{},"end":{}}],"line":18},"25":{"loc":{"start":{"line":18,"column":2756},"end":{"line":18,"column":2778}},"type":"if","locations":[{"start":{"line":18,"column":2756},"end":{"line":18,"column":2778}},{"start":{},"end":{}}],"line":18},"26":{"loc":{"start":{"line":18,"column":2793},"end":{"line":18,"column":2995}},"type":"if","locations":[{"start":{"line":18,"column":2793},"end":{"line":18,"column":2995}},{"start":{"line":18,"column":2848},"end":{"line":18,"column":2995}}],"line":18},"27":{"loc":{"start":{"line":18,"column":2848},"end":{"line":18,"column":2995}},"type":"if","locations":[{"start":{"line":18,"column":2848},"end":{"line":18,"column":2995}},{"start":{"line":18,"column":2944},"end":{"line":18,"column":2995}}],"line":18},"28":{"loc":{"start":{"line":18,"column":2876},"end":{"line":18,"column":2908}},"type":"if","locations":[{"start":{"line":18,"column":2876},"end":{"line":18,"column":2908}},{"start":{},"end":{}}],"line":18},"29":{"loc":{"start":{"line":18,"column":2944},"end":{"line":18,"column":2994}},"type":"binary-expr","locations":[{"start":{"line":18,"column":2944},"end":{"line":18,"column":2965}},{"start":{"line":18,"column":2969},"end":{"line":18,"column":2994}}],"line":18},"30":{"loc":{"start":{"line":18,"column":3030},"end":{"line":18,"column":3144}},"type":"if","locations":[{"start":{"line":18,"column":3030},"end":{"line":18,"column":3144}},{"start":{},"end":{}}],"line":18},"31":{"loc":{"start":{"line":18,"column":3057},"end":{"line":18,"column":3103}},"type":"if","locations":[{"start":{"line":18,"column":3057},"end":{"line":18,"column":3103}},{"start":{},"end":{}}],"line":18},"32":{"loc":{"start":{"line":18,"column":3065},"end":{"line":18,"column":3079}},"type":"cond-expr","locations":[{"start":{"line":18,"column":3074},"end":{"line":18,"column":3075}},{"start":{"line":18,"column":3078},"end":{"line":18,"column":3079}}],"line":18},"33":{"loc":{"start":{"line":18,"column":3145},"end":{"line":18,"column":3209}},"type":"binary-expr","locations":[{"start":{"line":18,"column":3145},"end":{"line":18,"column":3163}},{"start":{"line":18,"column":3168},"end":{"line":18,"column":3208}}],"line":18},"34":{"loc":{"start":{"line":18,"column":3292},"end":{"line":18,"column":3576}},"type":"if","locations":[{"start":{"line":18,"column":3292},"end":{"line":18,"column":3576}},{"start":{},"end":{}}],"line":18},"35":{"loc":{"start":{"line":18,"column":3331},"end":{"line":18,"column":3572}},"type":"binary-expr","locations":[{"start":{"line":18,"column":3331},"end":{"line":18,"column":3344}},{"start":{"line":18,"column":3348},"end":{"line":18,"column":3368}},{"start":{"line":18,"column":3373},"end":{"line":18,"column":3452}},{"start":{"line":18,"column":3457},"end":{"line":18,"column":3471}},{"start":{"line":18,"column":3476},"end":{"line":18,"column":3571}}],"line":18},"36":{"loc":{"start":{"line":18,"column":3617},"end":{"line":18,"column":3704}},"type":"if","locations":[{"start":{"line":18,"column":3617},"end":{"line":18,"column":3704}},{"start":{},"end":{}}],"line":18},"37":{"loc":{"start":{"line":18,"column":3727},"end":{"line":18,"column":3974}},"type":"cond-expr","locations":[{"start":{"line":18,"column":3731},"end":{"line":18,"column":3870}},{"start":{"line":18,"column":3874},"end":{"line":18,"column":3973}}],"line":18},"38":{"loc":{"start":{"line":18,"column":3731},"end":{"line":18,"column":3870}},"type":"cond-expr","locations":[{"start":{"line":18,"column":3741},"end":{"line":18,"column":3865}},{"start":{"line":18,"column":3869},"end":{"line":18,"column":3870}}],"line":18},"39":{"loc":{"start":{"line":18,"column":3788},"end":{"line":18,"column":3843}},"type":"binary-expr","locations":[{"start":{"line":18,"column":3788},"end":{"line":18,"column":3809}},{"start":{"line":18,"column":3814},"end":{"line":18,"column":3842}}],"line":18},"40":{"loc":{"start":{"line":18,"column":4031},"end":{"line":18,"column":4060}},"type":"binary-expr","locations":[{"start":{"line":18,"column":4031},"end":{"line":18,"column":4037}},{"start":{"line":18,"column":4042},"end":{"line":18,"column":4059}}],"line":18},"41":{"loc":{"start":{"line":18,"column":4062},"end":{"line":18,"column":4112}},"type":"binary-expr","locations":[{"start":{"line":18,"column":4062},"end":{"line":18,"column":4068}},{"start":{"line":18,"column":4073},"end":{"line":18,"column":4111}}],"line":18},"42":{"loc":{"start":{"line":18,"column":4177},"end":{"line":18,"column":4195}},"type":"binary-expr","locations":[{"start":{"line":18,"column":4177},"end":{"line":18,"column":4189}},{"start":{"line":18,"column":4193},"end":{"line":18,"column":4195}}],"line":18},"43":{"loc":{"start":{"line":18,"column":4382},"end":{"line":18,"column":4703}},"type":"if","locations":[{"start":{"line":18,"column":4382},"end":{"line":18,"column":4703}},{"start":{},"end":{}}],"line":18},"44":{"loc":{"start":{"line":18,"column":4386},"end":{"line":18,"column":4399}},"type":"binary-expr","locations":[{"start":{"line":18,"column":4386},"end":{"line":18,"column":4387}},{"start":{"line":18,"column":4391},"end":{"line":18,"column":4399}}],"line":18},"45":{"loc":{"start":{"line":18,"column":4417},"end":{"line":18,"column":4441}},"type":"if","locations":[{"start":{"line":18,"column":4417},"end":{"line":18,"column":4441}},{"start":{},"end":{}}],"line":18},"46":{"loc":{"start":{"line":18,"column":4442},"end":{"line":18,"column":4484}},"type":"if","locations":[{"start":{"line":18,"column":4442},"end":{"line":18,"column":4484}},{"start":{},"end":{}}],"line":18},"47":{"loc":{"start":{"line":18,"column":4485},"end":{"line":18,"column":4701}},"type":"if","locations":[{"start":{"line":18,"column":4485},"end":{"line":18,"column":4701}},{"start":{},"end":{}}],"line":18},"48":{"loc":{"start":{"line":18,"column":4567},"end":{"line":18,"column":4632}},"type":"if","locations":[{"start":{"line":18,"column":4567},"end":{"line":18,"column":4632}},{"start":{},"end":{}}],"line":18},"49":{"loc":{"start":{"line":18,"column":5136},"end":{"line":18,"column":5175}},"type":"binary-expr","locations":[{"start":{"line":18,"column":5136},"end":{"line":18,"column":5158}},{"start":{"line":18,"column":5162},"end":{"line":18,"column":5175}}],"line":18},"50":{"loc":{"start":{"line":18,"column":5184},"end":{"line":18,"column":5269}},"type":"binary-expr","locations":[{"start":{"line":18,"column":5184},"end":{"line":18,"column":5187}},{"start":{"line":18,"column":5192},"end":{"line":18,"column":5215}},{"start":{"line":18,"column":5219},"end":{"line":18,"column":5268}}],"line":18},"51":{"loc":{"start":{"line":18,"column":5244},"end":{"line":18,"column":5267}},"type":"binary-expr","locations":[{"start":{"line":18,"column":5244},"end":{"line":18,"column":5257}},{"start":{"line":18,"column":5261},"end":{"line":18,"column":5267}}],"line":18},"52":{"loc":{"start":{"line":18,"column":5305},"end":{"line":18,"column":5461}},"type":"cond-expr","locations":[{"start":{"line":18,"column":5329},"end":{"line":18,"column":5381}},{"start":{"line":18,"column":5385},"end":{"line":18,"column":5460}}],"line":18},"53":{"loc":{"start":{"line":18,"column":5736},"end":{"line":18,"column":5765}},"type":"binary-expr","locations":[{"start":{"line":18,"column":5736},"end":{"line":18,"column":5748}},{"start":{"line":18,"column":5753},"end":{"line":18,"column":5764}}],"line":18},"54":{"loc":{"start":{"line":18,"column":5822},"end":{"line":18,"column":5920}},"type":"cond-expr","locations":[{"start":{"line":18,"column":5849},"end":{"line":18,"column":5850}},{"start":{"line":18,"column":5853},"end":{"line":18,"column":5920}}],"line":18},"55":{"loc":{"start":{"line":18,"column":5889},"end":{"line":18,"column":5916}},"type":"cond-expr","locations":[{"start":{"line":18,"column":5898},"end":{"line":18,"column":5905}},{"start":{"line":18,"column":5908},"end":{"line":18,"column":5916}}],"line":18},"56":{"loc":{"start":{"line":18,"column":6245},"end":{"line":18,"column":6301}},"type":"if","locations":[{"start":{"line":18,"column":6245},"end":{"line":18,"column":6301}},{"start":{},"end":{}}],"line":18},"57":{"loc":{"start":{"line":18,"column":6429},"end":{"line":18,"column":6708}},"type":"if","locations":[{"start":{"line":18,"column":6429},"end":{"line":18,"column":6708}},{"start":{},"end":{}}],"line":18},"58":{"loc":{"start":{"line":18,"column":6629},"end":{"line":18,"column":6707}},"type":"binary-expr","locations":[{"start":{"line":18,"column":6629},"end":{"line":18,"column":6648}},{"start":{"line":18,"column":6652},"end":{"line":18,"column":6667}},{"start":{"line":18,"column":6671},"end":{"line":18,"column":6690}},{"start":{"line":18,"column":6695},"end":{"line":18,"column":6706}}],"line":18},"59":{"loc":{"start":{"line":18,"column":6791},"end":{"line":18,"column":6827}},"type":"if","locations":[{"start":{"line":18,"column":6791},"end":{"line":18,"column":6827}},{"start":{},"end":{}}],"line":18},"60":{"loc":{"start":{"line":18,"column":6900},"end":{"line":18,"column":6923}},"type":"if","locations":[{"start":{"line":18,"column":6900},"end":{"line":18,"column":6923}},{"start":{},"end":{}}],"line":18},"61":{"loc":{"start":{"line":18,"column":7010},"end":{"line":18,"column":7045}},"type":"binary-expr","locations":[{"start":{"line":18,"column":7010},"end":{"line":18,"column":7011}},{"start":{"line":18,"column":7016},"end":{"line":18,"column":7044}}],"line":18},"62":{"loc":{"start":{"line":18,"column":7156},"end":{"line":18,"column":7202}},"type":"if","locations":[{"start":{"line":18,"column":7156},"end":{"line":18,"column":7202}},{"start":{},"end":{}}],"line":18},"63":{"loc":{"start":{"line":18,"column":7203},"end":{"line":18,"column":7637}},"type":"if","locations":[{"start":{"line":18,"column":7203},"end":{"line":18,"column":7637}},{"start":{},"end":{}}],"line":18},"64":{"loc":{"start":{"line":18,"column":7292},"end":{"line":18,"column":7635}},"type":"if","locations":[{"start":{"line":18,"column":7292},"end":{"line":18,"column":7635}},{"start":{"line":18,"column":7431},"end":{"line":18,"column":7635}}],"line":18},"65":{"loc":{"start":{"line":18,"column":7296},"end":{"line":18,"column":7302}},"type":"binary-expr","locations":[{"start":{"line":18,"column":7296},"end":{"line":18,"column":7297}},{"start":{"line":18,"column":7301},"end":{"line":18,"column":7302}}],"line":18},"66":{"loc":{"start":{"line":18,"column":7306},"end":{"line":18,"column":7364}},"type":"if","locations":[{"start":{"line":18,"column":7306},"end":{"line":18,"column":7364}},{"start":{},"end":{}}],"line":18},"67":{"loc":{"start":{"line":18,"column":7365},"end":{"line":18,"column":7423}},"type":"if","locations":[{"start":{"line":18,"column":7365},"end":{"line":18,"column":7423}},{"start":{},"end":{}}],"line":18},"68":{"loc":{"start":{"line":18,"column":7431},"end":{"line":18,"column":7635}},"type":"if","locations":[{"start":{"line":18,"column":7431},"end":{"line":18,"column":7635}},{"start":{"line":18,"column":7506},"end":{"line":18,"column":7635}}],"line":18},"69":{"loc":{"start":{"line":18,"column":7440},"end":{"line":18,"column":7498}},"type":"if","locations":[{"start":{"line":18,"column":7440},"end":{"line":18,"column":7498}},{"start":{},"end":{}}],"line":18},"70":{"loc":{"start":{"line":18,"column":7508},"end":{"line":18,"column":7574}},"type":"if","locations":[{"start":{"line":18,"column":7508},"end":{"line":18,"column":7574}},{"start":{},"end":{}}],"line":18},"71":{"loc":{"start":{"line":18,"column":7575},"end":{"line":18,"column":7633}},"type":"if","locations":[{"start":{"line":18,"column":7575},"end":{"line":18,"column":7633}},{"start":{},"end":{}}],"line":18},"72":{"loc":{"start":{"line":18,"column":7759},"end":{"line":18,"column":7862}},"type":"if","locations":[{"start":{"line":18,"column":7759},"end":{"line":18,"column":7862}},{"start":{},"end":{}}],"line":18},"73":{"loc":{"start":{"line":18,"column":7763},"end":{"line":18,"column":7839}},"type":"binary-expr","locations":[{"start":{"line":18,"column":7763},"end":{"line":18,"column":7784}},{"start":{"line":18,"column":7788},"end":{"line":18,"column":7811}},{"start":{"line":18,"column":7815},"end":{"line":18,"column":7839}}],"line":18},"74":{"loc":{"start":{"line":18,"column":7865},"end":{"line":18,"column":7957}},"type":"binary-expr","locations":[{"start":{"line":18,"column":7865},"end":{"line":18,"column":7866}},{"start":{"line":18,"column":7871},"end":{"line":18,"column":7884}},{"start":{"line":18,"column":7888},"end":{"line":18,"column":7904}},{"start":{"line":18,"column":7909},"end":{"line":18,"column":7922}},{"start":{"line":18,"column":7926},"end":{"line":18,"column":7943}},{"start":{"line":18,"column":7948},"end":{"line":18,"column":7956}}],"line":18},"75":{"loc":{"start":{"line":18,"column":7967},"end":{"line":18,"column":7988}},"type":"cond-expr","locations":[{"start":{"line":18,"column":7971},"end":{"line":18,"column":7983}},{"start":{"line":18,"column":7986},"end":{"line":18,"column":7988}}],"line":18},"76":{"loc":{"start":{"line":18,"column":8020},"end":{"line":18,"column":8094}},"type":"cond-expr","locations":[{"start":{"line":18,"column":8025},"end":{"line":18,"column":8074}},{"start":{"line":18,"column":8078},"end":{"line":18,"column":8094}}],"line":18},"77":{"loc":{"start":{"line":18,"column":8135},"end":{"line":18,"column":8171}},"type":"if","locations":[{"start":{"line":18,"column":8135},"end":{"line":18,"column":8171}},{"start":{},"end":{}}],"line":18},"78":{"loc":{"start":{"line":18,"column":8179},"end":{"line":18,"column":8386}},"type":"cond-expr","locations":[{"start":{"line":18,"column":8225},"end":{"line":18,"column":8242}},{"start":{"line":18,"column":8245},"end":{"line":18,"column":8386}}],"line":18},"79":{"loc":{"start":{"line":18,"column":8179},"end":{"line":18,"column":8222}},"type":"binary-expr","locations":[{"start":{"line":18,"column":8179},"end":{"line":18,"column":8197}},{"start":{"line":18,"column":8201},"end":{"line":18,"column":8222}}],"line":18},"80":{"loc":{"start":{"line":18,"column":8245},"end":{"line":18,"column":8386}},"type":"cond-expr","locations":[{"start":{"line":18,"column":8268},"end":{"line":18,"column":8339}},{"start":{"line":18,"column":8343},"end":{"line":18,"column":8386}}],"line":18},"81":{"loc":{"start":{"line":18,"column":8343},"end":{"line":18,"column":8386}},"type":"binary-expr","locations":[{"start":{"line":18,"column":8343},"end":{"line":18,"column":8362}},{"start":{"line":18,"column":8366},"end":{"line":18,"column":8367}},{"start":{"line":18,"column":8372},"end":{"line":18,"column":8385}}],"line":18},"82":{"loc":{"start":{"line":18,"column":8507},"end":{"line":18,"column":8599}},"type":"if","locations":[{"start":{"line":18,"column":8507},"end":{"line":18,"column":8599}},{"start":{},"end":{}}],"line":18},"83":{"loc":{"start":{"line":18,"column":8719},"end":{"line":18,"column":8835}},"type":"if","locations":[{"start":{"line":18,"column":8719},"end":{"line":18,"column":8835}},{"start":{},"end":{}}],"line":18},"84":{"loc":{"start":{"line":18,"column":8763},"end":{"line":18,"column":8823}},"type":"if","locations":[{"start":{"line":18,"column":8763},"end":{"line":18,"column":8823}},{"start":{},"end":{}}],"line":18},"85":{"loc":{"start":{"line":18,"column":9007},"end":{"line":18,"column":9047}},"type":"binary-expr","locations":[{"start":{"line":18,"column":9007},"end":{"line":18,"column":9029}},{"start":{"line":18,"column":9034},"end":{"line":18,"column":9046}}],"line":18},"86":{"loc":{"start":{"line":19,"column":176},"end":{"line":19,"column":263}},"type":"if","locations":[{"start":{"line":19,"column":176},"end":{"line":19,"column":263}},{"start":{"line":19,"column":216},"end":{"line":19,"column":263}}],"line":19},"87":{"loc":{"start":{"line":29,"column":11},"end":{"line":29,"column":35}},"type":"binary-expr","locations":[{"start":{"line":29,"column":11},"end":{"line":29,"column":27}},{"start":{"line":29,"column":31},"end":{"line":29,"column":35}}],"line":29},"88":{"loc":{"start":{"line":33,"column":14},"end":{"line":43,"column":5}},"type":"switch","locations":[{"start":{"line":34,"column":6},"end":{"line":36,"column":53}},{"start":{"line":37,"column":6},"end":{"line":39,"column":63}},{"start":{"line":40,"column":6},"end":{"line":40,"column":13}},{"start":{"line":41,"column":6},"end":{"line":42,"column":31}}],"line":33}},"s":{"0":0,"1":0,"2":0,"3":1,"4":1,"5":1,"6":1,"7":1,"8":1,"9":1,"10":1,"11":1,"12":1,"13":1,"14":9,"15":1,"16":1,"17":1,"18":1,"19":1,"20":1,"21":0,"22":1,"23":1,"24":1,"25":1,"26":13,"27":1,"28":1,"29":0,"30":0,"31":1,"32":1,"33":1,"34":1,"35":2,"36":2,"37":0,"38":1,"39":1,"40":1,"41":1,"42":1,"43":1,"44":1,"45":1,"46":0,"47":1,"48":1,"49":1,"50":1,"51":2,"52":6,"53":2,"54":0,"55":0,"56":0,"57":0,"58":0,"59":0,"60":0,"61":0,"62":0,"63":0,"64":0,"65":0,"66":0,"67":0,"68":1,"69":1,"70":2,"71":0,"72":2,"73":0,"74":0,"75":0,"76":2,"77":2,"78":2,"79":0,"80":0,"81":0,"82":0,"83":0,"84":2,"85":2,"86":0,"87":0,"88":0,"89":0,"90":0,"91":2,"92":2,"93":2,"94":2,"95":0,"96":2,"97":0,"98":0,"99":0,"100":0,"101":0,"102":0,"103":0,"104":0,"105":0,"106":0,"107":0,"108":0,"109":1,"110":1,"111":1,"112":1,"113":1,"114":1,"115":1,"116":0,"117":0,"118":0,"119":0,"120":0,"121":0,"122":0,"123":0,"124":0,"125":0,"126":0,"127":1,"128":0,"129":0,"130":1,"131":0,"132":0,"133":0,"134":0,"135":0,"136":0,"137":0,"138":0,"139":0,"140":0,"141":0,"142":0,"143":0,"144":0,"145":0,"146":0,"147":0,"148":0,"149":1,"150":0,"151":0,"152":1,"153":1,"154":1,"155":0,"156":1,"157":0,"158":0,"159":0,"160":0,"161":0,"162":0,"163":0,"164":0,"165":0,"166":0,"167":0,"168":0,"169":0,"170":0,"171":0,"172":0,"173":0,"174":0,"175":0,"176":0,"177":0,"178":0,"179":0,"180":0,"181":0,"182":0,"183":0,"184":0,"185":0,"186":0,"187":0,"188":0,"189":0,"190":0,"191":0,"192":0,"193":0,"194":0,"195":0,"196":0,"197":0,"198":0,"199":0,"200":0,"201":0,"202":0,"203":0,"204":0,"205":0,"206":0,"207":0,"208":0,"209":0,"210":2,"211":2,"212":2,"213":0,"214":0,"215":2,"216":1,"217":1,"218":1,"219":1,"220":1,"221":1,"222":1,"223":2,"224":0,"225":1,"226":1,"227":1,"228":1,"229":1,"230":1,"231":1,"232":1,"233":1,"234":1,"235":1,"236":1,"237":1,"238":2,"239":2,"240":1,"241":1,"242":1,"243":1,"244":1},"f":{"0":0,"1":0,"2":0,"3":9,"4":1,"5":1,"6":0,"7":13,"8":0,"9":1,"10":2,"11":0,"12":0,"13":0,"14":0,"15":2,"16":6,"17":2,"18":0,"19":0,"20":0,"21":0,"22":0,"23":0,"24":0,"25":0,"26":0,"27":1,"28":2,"29":0,"30":0,"31":1,"32":1,"33":1,"34":0,"35":0,"36":1,"37":0,"38":0,"39":0,"40":0,"41":0,"42":0,"43":0,"44":0,"45":1,"46":1,"47":0,"48":0,"49":0,"50":0,"51":0,"52":0,"53":0,"54":2,"55":1,"56":1,"57":1,"58":2,"59":0,"60":1,"61":2},"b":{"0":[0,0],"1":[0,0],"2":[0,0],"3":[0,0,0,0],"4":[4,5],"5":[9,9],"6":[1,0],"7":[1,0],"8":[1,0],"9":[1,0],"10":[1,0],"11":[1,0],"12":[1,1],"13":[1,1],"14":[1,1],"15":[1,1,1,1],"16":[0,0],"17":[0,0],"18":[0,0,0],"19":[0,0],"20":[0,2],"21":[0,2],"22":[0,0],"23":[0,2],"24":[0,0],"25":[0,0],"26":[2,0],"27":[0,0],"28":[0,0],"29":[0,0],"30":[2,0],"31":[0,2],"32":[1,1],"33":[0,0],"34":[0,0],"35":[0,0,0,0,0],"36":[0,0],"37":[0,0],"38":[0,0],"39":[0,0],"40":[0,0],"41":[0,0],"42":[1,1],"43":[1,0],"44":[1,0],"45":[1,0],"46":[0,0],"47":[0,0],"48":[0,0],"49":[0,0],"50":[0,0,0],"51":[0,0],"52":[1,0],"53":[0,0],"54":[0,0],"55":[0,0],"56":[0,0],"57":[0,1],"58":[0,0,0,0],"59":[0,1],"60":[0,0],"61":[0,0],"62":[0,0],"63":[0,0],"64":[0,0],"65":[0,0],"66":[0,0],"67":[0,0],"68":[0,0],"69":[0,0],"70":[0,0],"71":[0,0],"72":[0,0],"73":[0,0,0],"74":[0,0,0,0,0,0],"75":[0,0],"76":[0,0],"77":[0,0],"78":[0,0],"79":[0,0],"80":[0,0],"81":[0,0,0],"82":[0,0],"83":[0,0],"84":[0,0],"85":[0,0],"86":[1,1],"87":[1,0],"88":[1,1,1,1]},"_coverageSchema":"1a1c01bbd47fc00a2c39e90264f33305004495a9","hash":"3426a5194de8cb83016bcb2ae332db82fdf7820a"}
,"C:\\Users\\djrub\\OneDrive\\מסמכים\\HugeProject\\OMS\\server\\dist\\Schemas\\OrderModel.js": {"path":"C:\\Users\\djrub\\OneDrive\\מסמכים\\HugeProject\\OMS\\server\\dist\\Schemas\\OrderModel.js","statementMap":{"0":{"start":{"line":3,"column":20},"end":{"line":38,"column":2}},"1":{"start":{"line":39,"column":19},"end":{"line":39,"column":56}}},"fnMap":{},"branchMap":{},"s":{"0":1,"1":1},"f":{},"b":{},"_coverageSchema":"1a1c01bbd47fc00a2c39e90264f33305004495a9","hash":"47ba693226d8fbe7e976a37d02bc358ee74c90ae"}
,"C:\\Users\\djrub\\OneDrive\\מסמכים\\HugeProject\\OMS\\server\\dist\\configs\\connectDbAdmin.js": {"path":"C:\\Users\\djrub\\OneDrive\\מסמכים\\HugeProject\\OMS\\server\\dist\\configs\\connectDbAdmin.js","statementMap":{"0":{"start":{"line":2,"column":17},"end":{"line":2,"column":20}},"1":{"start":{"line":3,"column":13},"end":{"line":3,"column":23}},"2":{"start":{"line":4,"column":27},"end":{"line":12,"column":1}},"3":{"start":{"line":5,"column":4},"end":{"line":11,"column":5}},"4":{"start":{"line":6,"column":8},"end":{"line":6,"column":29}},"5":{"start":{"line":7,"column":8},"end":{"line":7,"column":45}},"6":{"start":{"line":10,"column":8},"end":{"line":10,"column":53}}},"fnMap":{"0":{"name":"(anonymous_0)","decl":{"start":{"line":4,"column":27},"end":{"line":4,"column":28}},"loc":{"start":{"line":4,"column":39},"end":{"line":12,"column":1}},"line":4}},"branchMap":{},"s":{"0":1,"1":1,"2":1,"3":0,"4":0,"5":0,"6":0},"f":{"0":0},"b":{},"_coverageSchema":"1a1c01bbd47fc00a2c39e90264f33305004495a9","hash":"c3125e50fb361da533cd95b98f34588c4160c91a"}
,"C:\\Users\\djrub\\OneDrive\\מסמכים\\HugeProject\\OMS\\server\\dist\\configs\\connectToMongogoDB.js": {"path":"C:\\Users\\djrub\\OneDrive\\מסמכים\\HugeProject\\OMS\\server\\dist\\configs\\connectToMongogoDB.js","statementMap":{"0":{"start":{"line":2,"column":26},"end":{"line":11,"column":1}},"1":{"start":{"line":3,"column":4},"end":{"line":10,"column":5}},"2":{"start":{"line":4,"column":21},"end":{"line":4,"column":42}},"3":{"start":{"line":5,"column":8},"end":{"line":5,"column":37}},"4":{"start":{"line":6,"column":8},"end":{"line":6,"column":44}},"5":{"start":{"line":9,"column":8},"end":{"line":9,"column":61}}},"fnMap":{"0":{"name":"(anonymous_0)","decl":{"start":{"line":2,"column":26},"end":{"line":2,"column":27}},"loc":{"start":{"line":2,"column":38},"end":{"line":11,"column":1}},"line":2}},"branchMap":{},"s":{"0":1,"1":1,"2":1,"3":1,"4":1,"5":0},"f":{"0":1},"b":{},"_coverageSchema":"1a1c01bbd47fc00a2c39e90264f33305004495a9","hash":"d75077202a4f3c37e9e3508f807855381c46cd9b"}
,"C:\\Users\\djrub\\OneDrive\\מסמכים\\HugeProject\\OMS\\server\\dist\\controllers\\orderController.js": {"path":"C:\\Users\\djrub\\OneDrive\\מסמכים\\HugeProject\\OMS\\server\\dist\\controllers\\orderController.js","statementMap":{"0":{"start":{"line":5,"column":17},"end":{"line":11,"column":2}},"1":{"start":{"line":6,"column":18},"end":{"line":6,"column":56}},"2":{"start":{"line":7,"column":4},"end":{"line":9,"column":5}},"3":{"start":{"line":8,"column":8},"end":{"line":8,"column":101}},"4":{"start":{"line":10,"column":4},"end":{"line":10,"column":49}},"5":{"start":{"line":12,"column":26},"end":{"line":22,"column":2}},"6":{"start":{"line":13,"column":19},"end":{"line":13,"column":36}},"7":{"start":{"line":14,"column":4},"end":{"line":16,"column":5}},"8":{"start":{"line":15,"column":8},"end":{"line":15,"column":77}},"9":{"start":{"line":17,"column":19},"end":{"line":17,"column":64}},"10":{"start":{"line":18,"column":4},"end":{"line":20,"column":5}},"11":{"start":{"line":19,"column":8},"end":{"line":19,"column":101}},"12":{"start":{"line":21,"column":4},"end":{"line":21,"column":45}},"13":{"start":{"line":23,"column":18},"end":{"line":29,"column":2}},"14":{"start":{"line":24,"column":19},"end":{"line":24,"column":50}},"15":{"start":{"line":25,"column":4},"end":{"line":27,"column":5}},"16":{"start":{"line":26,"column":8},"end":{"line":26,"column":101}},"17":{"start":{"line":28,"column":4},"end":{"line":28,"column":45}}},"fnMap":{"0":{"name":"(anonymous_0)","decl":{"start":{"line":5,"column":30},"end":{"line":5,"column":31}},"loc":{"start":{"line":5,"column":50},"end":{"line":11,"column":1}},"line":5},"1":{"name":"(anonymous_1)","decl":{"start":{"line":12,"column":39},"end":{"line":12,"column":40}},"loc":{"start":{"line":12,"column":59},"end":{"line":22,"column":1}},"line":12},"2":{"name":"(anonymous_2)","decl":{"start":{"line":23,"column":31},"end":{"line":23,"column":32}},"loc":{"start":{"line":23,"column":51},"end":{"line":29,"column":1}},"line":23}},"branchMap":{"0":{"loc":{"start":{"line":7,"column":4},"end":{"line":9,"column":5}},"type":"if","locations":[{"start":{"line":7,"column":4},"end":{"line":9,"column":5}},{"start":{},"end":{}}],"line":7},"1":{"loc":{"start":{"line":14,"column":4},"end":{"line":16,"column":5}},"type":"if","locations":[{"start":{"line":14,"column":4},"end":{"line":16,"column":5}},{"start":{},"end":{}}],"line":14},"2":{"loc":{"start":{"line":18,"column":4},"end":{"line":20,"column":5}},"type":"if","locations":[{"start":{"line":18,"column":4},"end":{"line":20,"column":5}},{"start":{},"end":{}}],"line":18},"3":{"loc":{"start":{"line":25,"column":4},"end":{"line":27,"column":5}},"type":"if","locations":[{"start":{"line":25,"column":4},"end":{"line":27,"column":5}},{"start":{},"end":{}}],"line":25}},"s":{"0":1,"1":1,"2":1,"3":0,"4":1,"5":1,"6":1,"7":1,"8":0,"9":1,"10":1,"11":0,"12":1,"13":1,"14":1,"15":1,"16":0,"17":1},"f":{"0":1,"1":1,"2":1},"b":{"0":[0,1],"1":[0,1],"2":[0,1],"3":[0,1]},"_coverageSchema":"1a1c01bbd47fc00a2c39e90264f33305004495a9","hash":"55fd6ffc57e8b1fb4f6dccb810215997defa61f8"}
,"C:\\Users\\djrub\\OneDrive\\מסמכים\\HugeProject\\OMS\\server\\dist\\controllers\\userController.js": {"path":"C:\\Users\\djrub\\OneDrive\\מסמכים\\HugeProject\\OMS\\server\\dist\\controllers\\userController.js","statementMap":{"0":{"start":{"line":4,"column":21},"end":{"line":13,"column":2}},"1":{"start":{"line":5,"column":4},"end":{"line":12,"column":5}},"2":{"start":{"line":6,"column":20},"end":{"line":6,"column":56}},"3":{"start":{"line":7,"column":8},"end":{"line":7,"column":34}},"4":{"start":{"line":10,"column":8},"end":{"line":10,"column":27}},"5":{"start":{"line":11,"column":8},"end":{"line":11,"column":39}},"6":{"start":{"line":14,"column":22},"end":{"line":25,"column":1}},"7":{"start":{"line":15,"column":17},"end":{"line":15,"column":63}},"8":{"start":{"line":16,"column":4},"end":{"line":18,"column":5}},"9":{"start":{"line":17,"column":8},"end":{"line":17,"column":42}},"10":{"start":{"line":19,"column":17},"end":{"line":19,"column":24}},"11":{"start":{"line":20,"column":28},"end":{"line":20,"column":94}},"12":{"start":{"line":21,"column":4},"end":{"line":23,"column":5}},"13":{"start":{"line":22,"column":8},"end":{"line":22,"column":44}},"14":{"start":{"line":24,"column":4},"end":{"line":24,"column":16}},"15":{"start":{"line":26,"column":24},"end":{"line":39,"column":1}},"16":{"start":{"line":27,"column":4},"end":{"line":38,"column":5}},"17":{"start":{"line":28,"column":36},"end":{"line":28,"column":44}},"18":{"start":{"line":29,"column":21},"end":{"line":29,"column":57}},"19":{"start":{"line":30,"column":26},"end":{"line":30,"column":40}},"20":{"start":{"line":31,"column":26},"end":{"line":31,"column":42}},"21":{"start":{"line":32,"column":22},"end":{"line":32,"column":55}},"22":{"start":{"line":33,"column":8},"end":{"line":33,"column":55}},"23":{"start":{"line":34,"column":8},"end":{"line":34,"column":82}},"24":{"start":{"line":37,"column":8},"end":{"line":37,"column":72}},"25":{"start":{"line":40,"column":30},"end":{"line":43,"column":1}}},"fnMap":{"0":{"name":"(anonymous_0)","decl":{"start":{"line":4,"column":34},"end":{"line":4,"column":35}},"loc":{"start":{"line":4,"column":54},"end":{"line":13,"column":1}},"line":4},"1":{"name":"(anonymous_1)","decl":{"start":{"line":14,"column":22},"end":{"line":14,"column":23}},"loc":{"start":{"line":14,"column":49},"end":{"line":25,"column":1}},"line":14},"2":{"name":"(anonymous_2)","decl":{"start":{"line":26,"column":24},"end":{"line":26,"column":25}},"loc":{"start":{"line":26,"column":44},"end":{"line":39,"column":1}},"line":26}},"branchMap":{"0":{"loc":{"start":{"line":16,"column":4},"end":{"line":18,"column":5}},"type":"if","locations":[{"start":{"line":16,"column":4},"end":{"line":18,"column":5}},{"start":{},"end":{}}],"line":16},"1":{"loc":{"start":{"line":21,"column":4},"end":{"line":23,"column":5}},"type":"if","locations":[{"start":{"line":21,"column":4},"end":{"line":23,"column":5}},{"start":{},"end":{}}],"line":21}},"s":{"0":1,"1":0,"2":0,"3":0,"4":0,"5":0,"6":1,"7":0,"8":0,"9":0,"10":0,"11":0,"12":0,"13":0,"14":0,"15":1,"16":0,"17":0,"18":0,"19":0,"20":0,"21":0,"22":0,"23":0,"24":0,"25":1},"f":{"0":0,"1":0,"2":0},"b":{"0":[0,0],"1":[0,0]},"_coverageSchema":"1a1c01bbd47fc00a2c39e90264f33305004495a9","hash":"c11e9f062ecc6b945102362eba0907b5b498dbfe"}
,"C:\\Users\\djrub\\OneDrive\\מסמכים\\HugeProject\\OMS\\server\\dist\\dal\\orderDal.js": {"path":"C:\\Users\\djrub\\OneDrive\\מסמכים\\HugeProject\\OMS\\server\\dist\\dal\\orderDal.js","statementMap":{"0":{"start":{"line":2,"column":17},"end":{"line":5,"column":1}},"1":{"start":{"line":3,"column":16},"end":{"line":3,"column":50}},"2":{"start":{"line":4,"column":4},"end":{"line":4,"column":15}},"3":{"start":{"line":6,"column":26},"end":{"line":9,"column":1}},"4":{"start":{"line":7,"column":16},"end":{"line":7,"column":65}},"5":{"start":{"line":8,"column":4},"end":{"line":8,"column":15}},"6":{"start":{"line":10,"column":18},"end":{"line":13,"column":1}},"7":{"start":{"line":11,"column":16},"end":{"line":11,"column":41}},"8":{"start":{"line":12,"column":4},"end":{"line":12,"column":15}}},"fnMap":{"0":{"name":"(anonymous_0)","decl":{"start":{"line":2,"column":17},"end":{"line":2,"column":18}},"loc":{"start":{"line":2,"column":34},"end":{"line":5,"column":1}},"line":2},"1":{"name":"(anonymous_1)","decl":{"start":{"line":6,"column":26},"end":{"line":6,"column":27}},"loc":{"start":{"line":6,"column":44},"end":{"line":9,"column":1}},"line":6},"2":{"name":"(anonymous_2)","decl":{"start":{"line":10,"column":18},"end":{"line":10,"column":19}},"loc":{"start":{"line":10,"column":30},"end":{"line":13,"column":1}},"line":10}},"branchMap":{},"s":{"0":1,"1":1,"2":1,"3":1,"4":1,"5":1,"6":1,"7":1,"8":1},"f":{"0":1,"1":1,"2":1},"b":{},"_coverageSchema":"1a1c01bbd47fc00a2c39e90264f33305004495a9","hash":"c97a8a58d8e14e77f2b4fda362b0b0a774be8e6c"}
,"C:\\Users\\djrub\\OneDrive\\מסמכים\\HugeProject\\OMS\\server\\dist\\dal\\userDal.js": {"path":"C:\\Users\\djrub\\OneDrive\\מסמכים\\HugeProject\\OMS\\server\\dist\\dal\\userDal.js","statementMap":{"0":{"start":{"line":3,"column":16},"end":{"line":26,"column":1}},"1":{"start":{"line":4,"column":4},"end":{"line":25,"column":5}},"2":{"start":{"line":5,"column":32},"end":{"line":5,"column":76}},"3":{"start":{"line":6,"column":29},"end":{"line":6,"column":76}},"4":{"start":{"line":7,"column":8},"end":{"line":9,"column":9}},"5":{"start":{"line":8,"column":12},"end":{"line":8,"column":51}},"6":{"start":{"line":10,"column":23},"end":{"line":16,"column":9}},"7":{"start":{"line":17,"column":22},"end":{"line":20,"column":9}},"8":{"start":{"line":21,"column":20},"end":{"line":21,"column":51}},"9":{"start":{"line":24,"column":8},"end":{"line":24,"column":61}},"10":{"start":{"line":27,"column":23},"end":{"line":36,"column":1}},"11":{"start":{"line":28,"column":4},"end":{"line":35,"column":5}},"12":{"start":{"line":29,"column":22},"end":{"line":29,"column":66}},"13":{"start":{"line":30,"column":23},"end":{"line":30,"column":55}},"14":{"start":{"line":31,"column":8},"end":{"line":31,"column":27}},"15":{"start":{"line":34,"column":8},"end":{"line":34,"column":71}},"16":{"start":{"line":37,"column":25},"end":{"line":44,"column":1}},"17":{"start":{"line":38,"column":4},"end":{"line":43,"column":5}},"18":{"start":{"line":39,"column":8},"end":{"line":39,"column":62}},"19":{"start":{"line":42,"column":8},"end":{"line":42,"column":69}},"20":{"start":{"line":45,"column":23},"end":{"line":49,"column":1}}},"fnMap":{"0":{"name":"(anonymous_0)","decl":{"start":{"line":3,"column":16},"end":{"line":3,"column":17}},"loc":{"start":{"line":3,"column":32},"end":{"line":26,"column":1}},"line":3},"1":{"name":"(anonymous_1)","decl":{"start":{"line":27,"column":23},"end":{"line":27,"column":24}},"loc":{"start":{"line":27,"column":40},"end":{"line":36,"column":1}},"line":27},"2":{"name":"(anonymous_2)","decl":{"start":{"line":37,"column":25},"end":{"line":37,"column":26}},"loc":{"start":{"line":37,"column":61},"end":{"line":44,"column":1}},"line":37}},"branchMap":{"0":{"loc":{"start":{"line":7,"column":8},"end":{"line":9,"column":9}},"type":"if","locations":[{"start":{"line":7,"column":8},"end":{"line":9,"column":9}},{"start":{},"end":{}}],"line":7}},"s":{"0":1,"1":0,"2":0,"3":0,"4":0,"5":0,"6":0,"7":0,"8":0,"9":0,"10":1,"11":0,"12":0,"13":0,"14":0,"15":0,"16":1,"17":0,"18":0,"19":0,"20":1},"f":{"0":0,"1":0,"2":0},"b":{"0":[0,0]},"_coverageSchema":"1a1c01bbd47fc00a2c39e90264f33305004495a9","hash":"3d4a46dd25d76352fba39e80ca3795ff8d942dcd"}
,"C:\\Users\\djrub\\OneDrive\\מסמכים\\HugeProject\\OMS\\server\\dist\\middlewares\\token.js": {"path":"C:\\Users\\djrub\\OneDrive\\מסמכים\\HugeProject\\OMS\\server\\dist\\middlewares\\token.js","statementMap":{"0":{"start":{"line":4,"column":27},"end":{"line":12,"column":1}},"1":{"start":{"line":5,"column":4},"end":{"line":11,"column":5}},"2":{"start":{"line":6,"column":21},"end":{"line":6,"column":55}},"3":{"start":{"line":7,"column":8},"end":{"line":7,"column":63}},"4":{"start":{"line":10,"column":8},"end":{"line":10,"column":62}},"5":{"start":{"line":13,"column":25},"end":{"line":27,"column":2}},"6":{"start":{"line":14,"column":18},"end":{"line":14,"column":35}},"7":{"start":{"line":15,"column":4},"end":{"line":17,"column":5}},"8":{"start":{"line":16,"column":8},"end":{"line":16,"column":64}},"9":{"start":{"line":18,"column":4},"end":{"line":26,"column":5}},"10":{"start":{"line":19,"column":24},"end":{"line":19,"column":74}},"11":{"start":{"line":20,"column":8},"end":{"line":20,"column":38}},"12":{"start":{"line":21,"column":8},"end":{"line":21,"column":33}},"13":{"start":{"line":22,"column":8},"end":{"line":22,"column":15}},"14":{"start":{"line":25,"column":8},"end":{"line":25,"column":68}}},"fnMap":{"0":{"name":"(anonymous_0)","decl":{"start":{"line":4,"column":27},"end":{"line":4,"column":28}},"loc":{"start":{"line":4,"column":47},"end":{"line":12,"column":1}},"line":4},"1":{"name":"(anonymous_1)","decl":{"start":{"line":13,"column":38},"end":{"line":13,"column":39}},"loc":{"start":{"line":13,"column":65},"end":{"line":27,"column":1}},"line":13}},"branchMap":{"0":{"loc":{"start":{"line":5,"column":4},"end":{"line":11,"column":5}},"type":"if","locations":[{"start":{"line":5,"column":4},"end":{"line":11,"column":5}},{"start":{"line":9,"column":9},"end":{"line":11,"column":5}}],"line":5},"1":{"loc":{"start":{"line":15,"column":4},"end":{"line":17,"column":5}},"type":"if","locations":[{"start":{"line":15,"column":4},"end":{"line":17,"column":5}},{"start":{},"end":{}}],"line":15}},"s":{"0":1,"1":0,"2":0,"3":0,"4":0,"5":1,"6":0,"7":0,"8":0,"9":0,"10":0,"11":0,"12":0,"13":0,"14":0},"f":{"0":0,"1":0},"b":{"0":[0,0],"1":[0,0]},"_coverageSchema":"1a1c01bbd47fc00a2c39e90264f33305004495a9","hash":"ee5878a3b9dd48b8019827c6fb3e2a3700e6a5e6"}
,"C:\\Users\\djrub\\OneDrive\\מסמכים\\HugeProject\\OMS\\server\\dist\\routes\\ordersRoutes.js": {"path":"C:\\Users\\djrub\\OneDrive\\מסמכים\\HugeProject\\OMS\\server\\dist\\routes\\ordersRoutes.js","statementMap":{"0":{"start":{"line":3,"column":21},"end":{"line":3,"column":37}},"1":{"start":{"line":4,"column":0},"end":{"line":4,"column":49}},"2":{"start":{"line":5,"column":0},"end":{"line":5,"column":64}},"3":{"start":{"line":6,"column":0},"end":{"line":6,"column":49}}},"fnMap":{},"branchMap":{},"s":{"0":1,"1":1,"2":1,"3":1},"f":{},"b":{},"_coverageSchema":"1a1c01bbd47fc00a2c39e90264f33305004495a9","hash":"252314c291d885ae806b64f657da2b295e30988a"}
,"C:\\Users\\djrub\\OneDrive\\מסמכים\\HugeProject\\OMS\\server\\dist\\routes\\userRoutes.js": {"path":"C:\\Users\\djrub\\OneDrive\\מסמכים\\HugeProject\\OMS\\server\\dist\\routes\\userRoutes.js","statementMap":{"0":{"start":{"line":3,"column":19},"end":{"line":3,"column":35}},"1":{"start":{"line":4,"column":0},"end":{"line":4,"column":58}},"2":{"start":{"line":5,"column":0},"end":{"line":5,"column":58}}},"fnMap":{},"branchMap":{},"s":{"0":1,"1":1,"2":1},"f":{},"b":{},"_coverageSchema":"1a1c01bbd47fc00a2c39e90264f33305004495a9","hash":"bf459ac3e0325fd1aa1218cf69c307878939e265"}
,"C:\\Users\\djrub\\OneDrive\\מסמכים\\HugeProject\\OMS\\server\\dist\\services\\isEnumValue.js": {"path":"C:\\Users\\djrub\\OneDrive\\מסמכים\\HugeProject\\OMS\\server\\dist\\services\\isEnumValue.js","statementMap":{"0":{"start":{"line":2,"column":4},"end":{"line":2,"column":53}}},"fnMap":{"0":{"name":"isEnumValue","decl":{"start":{"line":1,"column":24},"end":{"line":1,"column":35}},"loc":{"start":{"line":1,"column":55},"end":{"line":3,"column":1}},"line":1}},"branchMap":{},"s":{"0":2},"f":{"0":2},"b":{},"_coverageSchema":"1a1c01bbd47fc00a2c39e90264f33305004495a9","hash":"d510ea6a6d61fb3b3463000ba24e63c965a0ffa0"}
,"C:\\Users\\djrub\\OneDrive\\מסמכים\\HugeProject\\OMS\\server\\dist\\services\\orderServices.js": {"path":"C:\\Users\\djrub\\OneDrive\\מסמכים\\HugeProject\\OMS\\server\\dist\\services\\orderServices.js","statementMap":{"0":{"start":{"line":6,"column":17},"end":{"line":31,"column":1}},"1":{"start":{"line":7,"column":4},"end":{"line":10,"column":5}},"2":{"start":{"line":8,"column":34},"end":{"line":8,"column":75}},"3":{"start":{"line":9,"column":8},"end":{"line":9,"column":210}},"4":{"start":{"line":11,"column":4},"end":{"line":14,"column":5}},"5":{"start":{"line":12,"column":37},"end":{"line":12,"column":72}},"6":{"start":{"line":13,"column":8},"end":{"line":13,"column":234}},"7":{"start":{"line":15,"column":31},"end":{"line":18,"column":5}},"8":{"start":{"line":19,"column":19},"end":{"line":19,"column":49}},"9":{"start":{"line":20,"column":4},"end":{"line":30,"column":5}},"10":{"start":{"line":21,"column":8},"end":{"line":21,"column":90}},"11":{"start":{"line":24,"column":8},"end":{"line":29,"column":9}},"12":{"start":{"line":25,"column":12},"end":{"line":25,"column":137}},"13":{"start":{"line":28,"column":12},"end":{"line":28,"column":26}},"14":{"start":{"line":32,"column":26},"end":{"line":38,"column":1}},"15":{"start":{"line":33,"column":19},"end":{"line":33,"column":59}},"16":{"start":{"line":34,"column":4},"end":{"line":36,"column":5}},"17":{"start":{"line":35,"column":8},"end":{"line":35,"column":102}},"18":{"start":{"line":37,"column":4},"end":{"line":37,"column":18}},"19":{"start":{"line":39,"column":18},"end":{"line":47,"column":1}},"20":{"start":{"line":40,"column":19},"end":{"line":40,"column":45}},"21":{"start":{"line":41,"column":4},"end":{"line":46,"column":5}},"22":{"start":{"line":42,"column":8},"end":{"line":42,"column":126}},"23":{"start":{"line":45,"column":8},"end":{"line":45,"column":22}}},"fnMap":{"0":{"name":"(anonymous_0)","decl":{"start":{"line":6,"column":17},"end":{"line":6,"column":18}},"loc":{"start":{"line":6,"column":34},"end":{"line":31,"column":1}},"line":6},"1":{"name":"(anonymous_1)","decl":{"start":{"line":32,"column":26},"end":{"line":32,"column":27}},"loc":{"start":{"line":32,"column":44},"end":{"line":38,"column":1}},"line":32},"2":{"name":"(anonymous_2)","decl":{"start":{"line":39,"column":18},"end":{"line":39,"column":19}},"loc":{"start":{"line":39,"column":30},"end":{"line":47,"column":1}},"line":39}},"branchMap":{"0":{"loc":{"start":{"line":7,"column":4},"end":{"line":10,"column":5}},"type":"if","locations":[{"start":{"line":7,"column":4},"end":{"line":10,"column":5}},{"start":{},"end":{}}],"line":7},"1":{"loc":{"start":{"line":11,"column":4},"end":{"line":14,"column":5}},"type":"if","locations":[{"start":{"line":11,"column":4},"end":{"line":14,"column":5}},{"start":{},"end":{}}],"line":11},"2":{"loc":{"start":{"line":20,"column":4},"end":{"line":30,"column":5}},"type":"if","locations":[{"start":{"line":20,"column":4},"end":{"line":30,"column":5}},{"start":{"line":23,"column":9},"end":{"line":30,"column":5}}],"line":20},"3":{"loc":{"start":{"line":24,"column":8},"end":{"line":29,"column":9}},"type":"if","locations":[{"start":{"line":24,"column":8},"end":{"line":29,"column":9}},{"start":{"line":27,"column":13},"end":{"line":29,"column":9}}],"line":24},"4":{"loc":{"start":{"line":34,"column":4},"end":{"line":36,"column":5}},"type":"if","locations":[{"start":{"line":34,"column":4},"end":{"line":36,"column":5}},{"start":{},"end":{}}],"line":34},"5":{"loc":{"start":{"line":41,"column":4},"end":{"line":46,"column":5}},"type":"if","locations":[{"start":{"line":41,"column":4},"end":{"line":46,"column":5}},{"start":{"line":44,"column":9},"end":{"line":46,"column":5}}],"line":41}},"s":{"0":1,"1":1,"2":0,"3":0,"4":1,"5":0,"6":0,"7":1,"8":1,"9":1,"10":0,"11":1,"12":0,"13":1,"14":1,"15":1,"16":1,"17":0,"18":1,"19":1,"20":1,"21":1,"22":0,"23":1},"f":{"0":1,"1":1,"2":1},"b":{"0":[0,1],"1":[0,1],"2":[0,1],"3":[0,1],"4":[0,1],"5":[0,1]},"_coverageSchema":"1a1c01bbd47fc00a2c39e90264f33305004495a9","hash":"fcbf31d7bd3043257a0f96fd852207d4083f1dbe"}
,"C:\\Users\\djrub\\OneDrive\\מסמכים\\HugeProject\\OMS\\server\\dist\\services\\userService.js": {"path":"C:\\Users\\djrub\\OneDrive\\מסמכים\\HugeProject\\OMS\\server\\dist\\services\\userService.js","statementMap":{"0":{"start":{"line":3,"column":17},"end":{"line":17,"column":1}},"1":{"start":{"line":4,"column":4},"end":{"line":4,"column":27}},"2":{"start":{"line":5,"column":4},"end":{"line":5,"column":44}},"3":{"start":{"line":6,"column":27},"end":{"line":6,"column":74}},"4":{"start":{"line":7,"column":20},"end":{"line":14,"column":5}},"5":{"start":{"line":15,"column":22},"end":{"line":15,"column":52}},"6":{"start":{"line":16,"column":4},"end":{"line":16,"column":72}},"7":{"start":{"line":18,"column":30},"end":{"line":23,"column":1}},"8":{"start":{"line":19,"column":17},"end":{"line":19,"column":52}},"9":{"start":{"line":20,"column":4},"end":{"line":21,"column":20}},"10":{"start":{"line":21,"column":8},"end":{"line":21,"column":20}},"11":{"start":{"line":22,"column":4},"end":{"line":22,"column":46}},"12":{"start":{"line":24,"column":32},"end":{"line":29,"column":1}},"13":{"start":{"line":25,"column":17},"end":{"line":25,"column":73}},"14":{"start":{"line":26,"column":4},"end":{"line":27,"column":20}},"15":{"start":{"line":27,"column":8},"end":{"line":27,"column":20}},"16":{"start":{"line":28,"column":4},"end":{"line":28,"column":56}},"17":{"start":{"line":30,"column":27},"end":{"line":34,"column":1}}},"fnMap":{"0":{"name":"(anonymous_0)","decl":{"start":{"line":3,"column":17},"end":{"line":3,"column":18}},"loc":{"start":{"line":3,"column":38},"end":{"line":17,"column":1}},"line":3},"1":{"name":"(anonymous_1)","decl":{"start":{"line":18,"column":30},"end":{"line":18,"column":31}},"loc":{"start":{"line":18,"column":47},"end":{"line":23,"column":1}},"line":18},"2":{"name":"(anonymous_2)","decl":{"start":{"line":24,"column":32},"end":{"line":24,"column":33}},"loc":{"start":{"line":24,"column":68},"end":{"line":29,"column":1}},"line":24}},"branchMap":{"0":{"loc":{"start":{"line":20,"column":4},"end":{"line":21,"column":20}},"type":"if","locations":[{"start":{"line":20,"column":4},"end":{"line":21,"column":20}},{"start":{},"end":{}}],"line":20},"1":{"loc":{"start":{"line":26,"column":4},"end":{"line":27,"column":20}},"type":"if","locations":[{"start":{"line":26,"column":4},"end":{"line":27,"column":20}},{"start":{},"end":{}}],"line":26}},"s":{"0":1,"1":0,"2":0,"3":0,"4":0,"5":0,"6":0,"7":1,"8":0,"9":0,"10":0,"11":0,"12":1,"13":0,"14":0,"15":0,"16":0,"17":1},"f":{"0":0,"1":0,"2":0},"b":{"0":[0,0],"1":[0,0]},"_coverageSchema":"1a1c01bbd47fc00a2c39e90264f33305004495a9","hash":"4a4cc834c2cd1cc7af6b5933fc98b4f25daddc14"}
,"C:\\Users\\djrub\\OneDrive\\מסמכים\\HugeProject\\OMS\\server\\dist\\types\\Order.js": {"path":"C:\\Users\\djrub\\OneDrive\\מסמכים\\HugeProject\\OMS\\server\\dist\\types\\Order.js","statementMap":{"0":{"start":{"line":2,"column":0},"end":{"line":7,"column":46}},"1":{"start":{"line":3,"column":4},"end":{"line":3,"column":43}},"2":{"start":{"line":4,"column":4},"end":{"line":4,"column":37}},"3":{"start":{"line":5,"column":4},"end":{"line":5,"column":45}},"4":{"start":{"line":6,"column":4},"end":{"line":6,"column":45}},"5":{"start":{"line":8,"column":25},"end":{"line":12,"column":1}}},"fnMap":{"0":{"name":"(anonymous_0)","decl":{"start":{"line":2,"column":1},"end":{"line":2,"column":2}},"loc":{"start":{"line":2,"column":28},"end":{"line":7,"column":1}},"line":2}},"branchMap":{"0":{"loc":{"start":{"line":7,"column":3},"end":{"line":7,"column":44}},"type":"binary-expr","locations":[{"start":{"line":7,"column":3},"end":{"line":7,"column":18}},{"start":{"line":7,"column":23},"end":{"line":7,"column":43}}],"line":7}},"s":{"0":1,"1":1,"2":1,"3":1,"4":1,"5":1},"f":{"0":1},"b":{"0":[1,1]},"_coverageSchema":"1a1c01bbd47fc00a2c39e90264f33305004495a9","hash":"e0969132f9e352b70d911621cd100b755308e2ff"}
,"C:\\Users\\djrub\\OneDrive\\מסמכים\\HugeProject\\OMS\\server\\dist\\types\\RequestError.js": {"path":"C:\\Users\\djrub\\OneDrive\\מסמכים\\HugeProject\\OMS\\server\\dist\\types\\RequestError.js","statementMap":{"0":{"start":{"line":4,"column":8},"end":{"line":4,"column":23}},"1":{"start":{"line":5,"column":8},"end":{"line":5,"column":33}}},"fnMap":{"0":{"name":"(anonymous_0)","decl":{"start":{"line":3,"column":4},"end":{"line":3,"column":5}},"loc":{"start":{"line":3,"column":33},"end":{"line":6,"column":5}},"line":3}},"branchMap":{},"s":{"0":0,"1":0},"f":{"0":0},"b":{},"_coverageSchema":"1a1c01bbd47fc00a2c39e90264f33305004495a9","hash":"e4cb6923fc63a674cbca493bc69bbdbc609c2922"}
,"C:\\Users\\djrub\\OneDrive\\מסמכים\\HugeProject\\OMS\\server\\dist\\utils\\RequestError.js": {"path":"C:\\Users\\djrub\\OneDrive\\מסמכים\\HugeProject\\OMS\\server\\dist\\utils\\RequestError.js","statementMap":{"0":{"start":{"line":4,"column":8},"end":{"line":4,"column":23}},"1":{"start":{"line":5,"column":8},"end":{"line":5,"column":33}}},"fnMap":{"0":{"name":"(anonymous_0)","decl":{"start":{"line":3,"column":4},"end":{"line":3,"column":5}},"loc":{"start":{"line":3,"column":33},"end":{"line":6,"column":5}},"line":3}},"branchMap":{},"s":{"0":0,"1":0},"f":{"0":0},"b":{},"_coverageSchema":"1a1c01bbd47fc00a2c39e90264f33305004495a9","hash":"3fdeca92b50be6fd5f84f8334acdb3513ae7056b"}
,"C:\\Users\\djrub\\OneDrive\\מסמכים\\HugeProject\\OMS\\server\\dist\\utils\\StatusCodes.js": {"path":"C:\\Users\\djrub\\OneDrive\\מסמכים\\HugeProject\\OMS\\server\\dist\\utils\\StatusCodes.js","statementMap":{"0":{"start":{"line":1,"column":21},"end":{"line":18,"column":1}}},"fnMap":{},"branchMap":{},"s":{"0":1},"f":{},"b":{},"_coverageSchema":"1a1c01bbd47fc00a2c39e90264f33305004495a9","hash":"c6b8826810d74c95f3306b54ba9acbcf801e1d27"}
,"C:\\Users\\djrub\\OneDrive\\מסמכים\\HugeProject\\OMS\\server\\dist\\utils\\validate.js": {"path":"C:\\Users\\djrub\\OneDrive\\מסמכים\\HugeProject\\OMS\\server\\dist\\utils\\validate.js","statementMap":{"0":{"start":{"line":3,"column":22},"end":{"line":8,"column":1}},"1":{"start":{"line":4,"column":23},"end":{"line":4,"column":73}},"2":{"start":{"line":5,"column":4},"end":{"line":7,"column":5}},"3":{"start":{"line":6,"column":8},"end":{"line":6,"column":41}},"4":{"start":{"line":9,"column":21},"end":{"line":12,"column":1}},"5":{"start":{"line":10,"column":17},"end":{"line":10,"column":39}},"6":{"start":{"line":11,"column":4},"end":{"line":11,"column":39}},"7":{"start":{"line":13,"column":22},"end":{"line":24,"column":1}},"8":{"start":{"line":14,"column":17},"end":{"line":14,"column":63}},"9":{"start":{"line":15,"column":4},"end":{"line":17,"column":5}},"10":{"start":{"line":16,"column":8},"end":{"line":16,"column":42}},"11":{"start":{"line":18,"column":17},"end":{"line":18,"column":24}},"12":{"start":{"line":19,"column":28},"end":{"line":19,"column":94}},"13":{"start":{"line":20,"column":4},"end":{"line":22,"column":5}},"14":{"start":{"line":21,"column":8},"end":{"line":21,"column":44}},"15":{"start":{"line":23,"column":4},"end":{"line":23,"column":16}},"16":{"start":{"line":25,"column":24},"end":{"line":29,"column":1}}},"fnMap":{"0":{"name":"(anonymous_0)","decl":{"start":{"line":3,"column":22},"end":{"line":3,"column":23}},"loc":{"start":{"line":3,"column":33},"end":{"line":8,"column":1}},"line":3},"1":{"name":"(anonymous_1)","decl":{"start":{"line":9,"column":21},"end":{"line":9,"column":22}},"loc":{"start":{"line":9,"column":41},"end":{"line":12,"column":1}},"line":9},"2":{"name":"(anonymous_2)","decl":{"start":{"line":13,"column":22},"end":{"line":13,"column":23}},"loc":{"start":{"line":13,"column":49},"end":{"line":24,"column":1}},"line":13}},"branchMap":{"0":{"loc":{"start":{"line":5,"column":4},"end":{"line":7,"column":5}},"type":"if","locations":[{"start":{"line":5,"column":4},"end":{"line":7,"column":5}},{"start":{},"end":{}}],"line":5},"1":{"loc":{"start":{"line":15,"column":4},"end":{"line":17,"column":5}},"type":"if","locations":[{"start":{"line":15,"column":4},"end":{"line":17,"column":5}},{"start":{},"end":{}}],"line":15},"2":{"loc":{"start":{"line":20,"column":4},"end":{"line":22,"column":5}},"type":"if","locations":[{"start":{"line":20,"column":4},"end":{"line":22,"column":5}},{"start":{},"end":{}}],"line":20}},"s":{"0":1,"1":0,"2":0,"3":0,"4":1,"5":0,"6":0,"7":1,"8":0,"9":0,"10":0,"11":0,"12":0,"13":0,"14":0,"15":0,"16":1},"f":{"0":0,"1":0,"2":0},"b":{"0":[0,0],"1":[0,0],"2":[0,0]},"_coverageSchema":"1a1c01bbd47fc00a2c39e90264f33305004495a9","hash":"349a1f538a36b6e3404f9f22373165abb3181add"}
}
