TN:
SF:dist\server.js
FN:3,_typeof
FN:3,(anonymous_1)
FN:3,(anonymous_2)
FN:16,_interopRequireDefault
FN:17,_regeneratorRuntime
FN:17,_regeneratorRuntime
FN:17,(anonymous_6)
FN:17,define
FN:17,define
FN:17,wrap
FN:17,tryCatch
FN:17,Generator
FN:17,GeneratorFunction
FN:17,GeneratorFunctionPrototype
FN:17,(anonymous_14)
FN:17,defineIteratorMethods
FN:17,(anonymous_16)
FN:17,(anonymous_17)
FN:17,AsyncIterator
FN:17,invoke
FN:17,(anonymous_20)
FN:17,(anonymous_21)
FN:17,(anonymous_22)
FN:17,(anonymous_23)
FN:17,value
FN:17,callInvokeWithMethodAndArg
FN:17,(anonymous_26)
FN:17,makeInvokeMethod
FN:17,(anonymous_28)
FN:17,maybeInvokeDelegate
FN:17,pushTryEntry
FN:17,resetTryEntry
FN:17,Context
FN:17,values
FN:17,next
FN:17,(anonymous_35)
FN:17,(anonymous_36)
FN:17,(anonymous_37)
FN:17,(anonymous_38)
FN:17,(anonymous_39)
FN:17,(anonymous_40)
FN:17,(anonymous_41)
FN:17,(anonymous_42)
FN:17,(anonymous_43)
FN:17,next
FN:17,reset
FN:17,stop
FN:17,dispatchException
FN:17,handle
FN:17,abrupt
FN:17,complete
FN:17,finish
FN:17,_catch
FN:17,delegateYield
FN:18,asyncGeneratorStep
FN:19,_asyncToGenerator
FN:19,(anonymous_56)
FN:19,(anonymous_57)
FN:19,_next
FN:19,_throw
FN:29,_callee
FN:30,_callee$
FNF:62
FNH:24
FNDA:0,_typeof
FNDA:0,(anonymous_1)
FNDA:0,(anonymous_2)
FNDA:8,_interopRequireDefault
FNDA:1,_regeneratorRuntime
FNDA:1,_regeneratorRuntime
FNDA:0,(anonymous_6)
FNDA:13,define
FNDA:0,define
FNDA:1,wrap
FNDA:2,tryCatch
FNDA:0,Generator
FNDA:0,GeneratorFunction
FNDA:0,GeneratorFunctionPrototype
FNDA:0,(anonymous_14)
FNDA:2,defineIteratorMethods
FNDA:6,(anonymous_16)
FNDA:2,(anonymous_17)
FNDA:0,AsyncIterator
FNDA:0,invoke
FNDA:0,(anonymous_20)
FNDA:0,(anonymous_21)
FNDA:0,(anonymous_22)
FNDA:0,(anonymous_23)
FNDA:0,value
FNDA:0,callInvokeWithMethodAndArg
FNDA:0,(anonymous_26)
FNDA:1,makeInvokeMethod
FNDA:2,(anonymous_28)
FNDA:0,maybeInvokeDelegate
FNDA:0,pushTryEntry
FNDA:1,resetTryEntry
FNDA:1,Context
FNDA:1,values
FNDA:0,next
FNDA:0,(anonymous_35)
FNDA:1,(anonymous_36)
FNDA:0,(anonymous_37)
FNDA:0,(anonymous_38)
FNDA:0,(anonymous_39)
FNDA:0,(anonymous_40)
FNDA:0,(anonymous_41)
FNDA:0,(anonymous_42)
FNDA:0,(anonymous_43)
FNDA:0,next
FNDA:1,reset
FNDA:1,stop
FNDA:0,dispatchException
FNDA:0,handle
FNDA:0,abrupt
FNDA:0,complete
FNDA:0,finish
FNDA:0,_catch
FNDA:0,delegateYield
FNDA:2,asyncGeneratorStep
FNDA:1,_asyncToGenerator
FNDA:1,(anonymous_56)
FNDA:1,(anonymous_57)
FNDA:2,_next
FNDA:0,_throw
FNDA:1,_callee
FNDA:2,_callee$
DA:3,0
DA:4,1
DA:7,1
DA:8,1
DA:9,1
DA:10,1
DA:11,1
DA:12,1
DA:13,1
DA:14,1
DA:15,1
DA:16,8
DA:17,13
DA:18,2
DA:19,2
DA:20,1
DA:21,1
DA:22,1
DA:23,1
DA:24,1
DA:25,1
DA:26,1
DA:27,1
DA:28,1
DA:29,1
DA:30,1
DA:31,2
DA:33,1
DA:34,1
DA:37,1
DA:40,1
DA:44,1
LF:32
LH:31
BRDA:3,0,0,0
BRDA:3,0,1,0
BRDA:3,1,0,0
BRDA:3,1,1,0
BRDA:3,2,0,0
BRDA:3,2,1,0
BRDA:3,3,0,0
BRDA:3,3,1,0
BRDA:3,3,2,0
BRDA:3,3,3,0
BRDA:16,4,0,4
BRDA:16,4,1,4
BRDA:16,5,0,8
BRDA:16,5,1,8
BRDA:17,6,0,1
BRDA:17,6,1,0
BRDA:17,7,0,1
BRDA:17,7,1,0
BRDA:17,8,0,1
BRDA:17,8,1,0
BRDA:17,9,0,1
BRDA:17,9,1,0
BRDA:17,10,0,1
BRDA:17,10,1,0
BRDA:17,11,0,1
BRDA:17,11,1,0
BRDA:17,12,0,1
BRDA:17,12,1,1
BRDA:17,13,0,1
BRDA:17,13,1,1
BRDA:17,14,0,1
BRDA:17,14,1,1
BRDA:17,15,0,1
BRDA:17,15,1,1
BRDA:17,15,2,1
BRDA:17,15,3,1
BRDA:17,16,0,0
BRDA:17,16,1,0
BRDA:17,17,0,0
BRDA:17,17,1,0
BRDA:17,18,0,0
BRDA:17,18,1,0
BRDA:17,18,2,0
BRDA:17,19,0,0
BRDA:17,19,1,0
BRDA:17,20,0,0
BRDA:17,20,1,2
BRDA:17,21,0,0
BRDA:17,21,1,2
BRDA:17,22,0,0
BRDA:17,22,1,0
BRDA:17,23,0,0
BRDA:17,23,1,2
BRDA:17,24,0,0
BRDA:17,24,1,0
BRDA:17,25,0,0
BRDA:17,25,1,0
BRDA:17,26,0,2
BRDA:17,26,1,0
BRDA:17,27,0,0
BRDA:17,27,1,0
BRDA:17,28,0,0
BRDA:17,28,1,0
BRDA:17,29,0,0
BRDA:17,29,1,0
BRDA:17,30,0,2
BRDA:17,30,1,0
BRDA:17,31,0,0
BRDA:17,31,1,2
BRDA:17,32,0,1
BRDA:17,32,1,1
BRDA:17,33,0,0
BRDA:17,33,1,0
BRDA:17,34,0,0
BRDA:17,34,1,0
BRDA:17,35,0,0
BRDA:17,35,1,0
BRDA:17,35,2,0
BRDA:17,35,3,0
BRDA:17,35,4,0
BRDA:17,36,0,0
BRDA:17,36,1,0
BRDA:17,37,0,0
BRDA:17,37,1,0
BRDA:17,38,0,0
BRDA:17,38,1,0
BRDA:17,39,0,0
BRDA:17,39,1,0
BRDA:17,40,0,0
BRDA:17,40,1,0
BRDA:17,41,0,0
BRDA:17,41,1,0
BRDA:17,42,0,1
BRDA:17,42,1,1
BRDA:17,43,0,1
BRDA:17,43,1,0
BRDA:17,44,0,1
BRDA:17,44,1,0
BRDA:17,45,0,1
BRDA:17,45,1,0
BRDA:17,46,0,0
BRDA:17,46,1,0
BRDA:17,47,0,0
BRDA:17,47,1,0
BRDA:17,48,0,0
BRDA:17,48,1,0
BRDA:17,49,0,0
BRDA:17,49,1,0
BRDA:17,50,0,0
BRDA:17,50,1,0
BRDA:17,50,2,0
BRDA:17,51,0,0
BRDA:17,51,1,0
BRDA:17,52,0,1
BRDA:17,52,1,0
BRDA:17,53,0,0
BRDA:17,53,1,0
BRDA:17,54,0,0
BRDA:17,54,1,0
BRDA:17,55,0,0
BRDA:17,55,1,0
BRDA:17,56,0,0
BRDA:17,56,1,0
BRDA:17,57,0,0
BRDA:17,57,1,1
BRDA:17,58,0,0
BRDA:17,58,1,0
BRDA:17,58,2,0
BRDA:17,58,3,0
BRDA:17,59,0,0
BRDA:17,59,1,1
BRDA:17,60,0,0
BRDA:17,60,1,0
BRDA:17,61,0,0
BRDA:17,61,1,0
BRDA:17,62,0,0
BRDA:17,62,1,0
BRDA:17,63,0,0
BRDA:17,63,1,0
BRDA:17,64,0,0
BRDA:17,64,1,0
BRDA:17,65,0,0
BRDA:17,65,1,0
BRDA:17,66,0,0
BRDA:17,66,1,0
BRDA:17,67,0,0
BRDA:17,67,1,0
BRDA:17,68,0,0
BRDA:17,68,1,0
BRDA:17,69,0,0
BRDA:17,69,1,0
BRDA:17,70,0,0
BRDA:17,70,1,0
BRDA:17,71,0,0
BRDA:17,71,1,0
BRDA:17,72,0,0
BRDA:17,72,1,0
BRDA:17,73,0,0
BRDA:17,73,1,0
BRDA:17,73,2,0
BRDA:17,74,0,0
BRDA:17,74,1,0
BRDA:17,74,2,0
BRDA:17,74,3,0
BRDA:17,74,4,0
BRDA:17,74,5,0
BRDA:17,75,0,0
BRDA:17,75,1,0
BRDA:17,76,0,0
BRDA:17,76,1,0
BRDA:17,77,0,0
BRDA:17,77,1,0
BRDA:17,78,0,0
BRDA:17,78,1,0
BRDA:17,79,0,0
BRDA:17,79,1,0
BRDA:17,80,0,0
BRDA:17,80,1,0
BRDA:17,81,0,0
BRDA:17,81,1,0
BRDA:17,81,2,0
BRDA:17,82,0,0
BRDA:17,82,1,0
BRDA:17,83,0,0
BRDA:17,83,1,0
BRDA:17,84,0,0
BRDA:17,84,1,0
BRDA:17,85,0,0
BRDA:17,85,1,0
BRDA:18,86,0,1
BRDA:18,86,1,1
BRDA:27,87,0,1
BRDA:27,87,1,0
BRDA:31,88,0,1
BRDA:31,88,1,1
BRDA:31,88,2,1
BRDA:31,88,3,1
BRF:197
BRH:43
end_of_record
TN:
SF:dist\Schemas\OrderModel.js
FNF:0
FNH:0
DA:3,1
DA:39,1
LF:2
LH:2
BRF:0
BRH:0
end_of_record
TN:
SF:dist\configs\connectDbAdmin.js
FN:4,(anonymous_0)
FNF:1
FNH:0
FNDA:0,(anonymous_0)
DA:2,1
DA:3,1
DA:4,1
DA:5,0
DA:6,0
DA:7,0
DA:10,0
LF:7
LH:3
BRF:0
BRH:0
end_of_record
TN:
SF:dist\configs\connectToMongogoDB.js
FN:2,(anonymous_0)
FNF:1
FNH:1
FNDA:1,(anonymous_0)
DA:2,1
DA:3,1
DA:4,1
DA:5,1
DA:6,1
DA:9,0
LF:6
LH:5
BRF:0
BRH:0
end_of_record
TN:
SF:dist\controllers\orderController.js
FN:3,(anonymous_0)
FN:13,(anonymous_1)
FN:24,(anonymous_2)
FN:34,(anonymous_3)
FNF:4
FNH:4
FNDA:1,(anonymous_0)
FNDA:1,(anonymous_1)
FNDA:1,(anonymous_2)
FNDA:1,(anonymous_3)
DA:3,1
DA:4,1
DA:5,1
DA:6,1
DA:9,0
DA:10,0
DA:13,1
DA:14,1
DA:15,1
DA:16,1
DA:17,1
DA:20,0
DA:21,0
DA:24,1
DA:25,1
DA:26,1
DA:27,1
DA:30,0
DA:31,0
DA:34,1
DA:35,1
DA:36,1
DA:37,1
DA:38,1
DA:39,1
DA:40,1
DA:43,0
DA:44,0
LF:28
LH:20
BRDA:9,0,0,0
BRDA:9,0,1,0
BRDA:20,1,0,0
BRDA:20,1,1,0
BRDA:30,2,0,0
BRDA:30,2,1,0
BRDA:43,3,0,0
BRDA:43,3,1,0
BRF:8
BRH:0
end_of_record
TN:
SF:dist\controllers\userController.js
FN:4,(anonymous_0)
FN:14,(anonymous_1)
FN:26,(anonymous_2)
FNF:3
FNH:0
FNDA:0,(anonymous_0)
FNDA:0,(anonymous_1)
FNDA:0,(anonymous_2)
DA:4,1
DA:5,0
DA:6,0
DA:7,0
DA:10,0
DA:11,0
DA:14,1
DA:15,0
DA:16,0
DA:17,0
DA:19,0
DA:20,0
DA:21,0
DA:22,0
DA:24,0
DA:26,1
DA:27,0
DA:28,0
DA:29,0
DA:30,0
DA:31,0
DA:32,0
DA:33,0
DA:34,0
DA:37,0
DA:40,1
LF:26
LH:4
BRDA:16,0,0,0
BRDA:16,0,1,0
BRDA:21,1,0,0
BRDA:21,1,1,0
BRF:4
BRH:0
end_of_record
TN:
SF:dist\dal\orderDal.js
FN:2,(anonymous_0)
FN:6,(anonymous_1)
FN:10,(anonymous_2)
FN:14,(anonymous_3)
FNF:4
FNH:4
FNDA:1,(anonymous_0)
FNDA:1,(anonymous_1)
FNDA:1,(anonymous_2)
FNDA:1,(anonymous_3)
DA:2,1
DA:3,1
DA:4,1
DA:6,1
DA:7,1
DA:8,1
DA:10,1
DA:11,1
DA:12,1
DA:14,1
DA:15,1
DA:16,1
DA:17,1
DA:20,1
LF:14
LH:14
BRF:0
BRH:0
end_of_record
TN:
SF:dist\dal\userDal.js
FN:3,(anonymous_0)
FN:27,(anonymous_1)
FN:37,(anonymous_2)
FNF:3
FNH:0
FNDA:0,(anonymous_0)
FNDA:0,(anonymous_1)
FNDA:0,(anonymous_2)
DA:3,1
DA:4,0
DA:5,0
DA:6,0
DA:7,0
DA:8,0
DA:10,0
DA:17,0
DA:21,0
DA:24,0
DA:27,1
DA:28,0
DA:29,0
DA:30,0
DA:31,0
DA:34,0
DA:37,1
DA:38,0
DA:39,0
DA:42,0
DA:45,1
LF:21
LH:4
BRDA:7,0,0,0
BRDA:7,0,1,0
BRF:2
BRH:0
end_of_record
TN:
SF:dist\middlewares\token.js
FN:2,(anonymous_0)
FN:16,(anonymous_1)
FN:20,(anonymous_2)
FNF:3
FNH:0
FNDA:0,(anonymous_0)
FNDA:0,(anonymous_1)
FNDA:0,(anonymous_2)
DA:2,1
DA:3,0
DA:4,0
DA:5,0
DA:6,0
DA:10,0
DA:13,0
DA:16,1
DA:17,0
DA:18,0
DA:19,0
DA:20,0
DA:21,0
DA:22,0
DA:23,0
LF:15
LH:2
BRDA:3,0,0,0
BRDA:3,0,1,0
BRDA:18,1,0,0
BRDA:18,1,1,0
BRDA:21,2,0,0
BRDA:21,2,1,0
BRF:6
BRH:0
end_of_record
TN:
SF:dist\routes\ordersRoutes.js
FNF:0
FNH:0
DA:3,1
DA:4,1
DA:5,1
DA:6,1
DA:7,1
LF:5
LH:5
BRF:0
BRH:0
end_of_record
TN:
SF:dist\routes\userRoutes.js
FNF:0
FNH:0
DA:3,1
DA:4,1
DA:5,1
LF:3
LH:3
BRF:0
BRH:0
end_of_record
TN:
SF:dist\services\isEnumValue.js
FN:1,isEnumValue
FNF:1
FNH:1
FNDA:2,isEnumValue
DA:2,2
LF:1
LH:1
BRF:0
BRH:0
end_of_record
TN:
SF:dist\services\orderServices.js
FN:4,(anonymous_0)
FN:30,(anonymous_1)
FN:42,(anonymous_2)
FN:51,(anonymous_3)
FNF:4
FNH:4
FNDA:1,(anonymous_0)
FNDA:1,(anonymous_1)
FNDA:1,(anonymous_2)
FNDA:1,(anonymous_3)
DA:4,1
DA:5,1
DA:6,0
DA:7,0
DA:9,1
DA:10,0
DA:11,0
DA:13,1
DA:17,1
DA:18,1
DA:19,0
DA:22,1
DA:23,0
DA:26,1
DA:30,1
DA:31,1
DA:32,1
DA:33,1
DA:34,0
DA:36,1
DA:39,0
DA:42,1
DA:43,1
DA:44,1
DA:45,0
DA:48,1
DA:51,1
DA:52,1
DA:53,1
DA:54,0
DA:57,1
LF:31
LH:21
BRDA:5,0,0,0
BRDA:5,0,1,1
BRDA:9,1,0,0
BRDA:9,1,1,1
BRDA:18,2,0,0
BRDA:18,2,1,1
BRDA:22,3,0,0
BRDA:22,3,1,1
BRDA:33,4,0,0
BRDA:33,4,1,1
BRDA:44,5,0,0
BRDA:44,5,1,1
BRDA:53,6,0,0
BRDA:53,6,1,1
BRF:14
BRH:7
end_of_record
TN:
SF:dist\services\userService.js
FN:3,(anonymous_0)
FN:18,(anonymous_1)
FN:24,(anonymous_2)
FNF:3
FNH:0
FNDA:0,(anonymous_0)
FNDA:0,(anonymous_1)
FNDA:0,(anonymous_2)
DA:3,1
DA:4,0
DA:5,0
DA:6,0
DA:7,0
DA:15,0
DA:16,0
DA:18,1
DA:19,0
DA:20,0
DA:21,0
DA:22,0
DA:24,1
DA:25,0
DA:26,0
DA:27,0
DA:28,0
DA:30,1
LF:18
LH:4
BRDA:20,0,0,0
BRDA:20,0,1,0
BRDA:26,1,0,0
BRDA:26,1,1,0
BRF:4
BRH:0
end_of_record
TN:
SF:dist\types\Order.js
FN:2,(anonymous_0)
FNF:1
FNH:1
FNDA:1,(anonymous_0)
DA:2,1
DA:3,1
DA:4,1
DA:5,1
DA:6,1
DA:8,1
LF:6
LH:6
BRDA:7,0,0,1
BRDA:7,0,1,1
BRF:2
BRH:2
end_of_record
TN:
SF:dist\utils\validate.js
FN:3,(anonymous_0)
FN:9,(anonymous_1)
FN:13,(anonymous_2)
FNF:3
FNH:0
FNDA:0,(anonymous_0)
FNDA:0,(anonymous_1)
FNDA:0,(anonymous_2)
DA:3,1
DA:4,0
DA:5,0
DA:6,0
DA:9,1
DA:10,0
DA:11,0
DA:13,1
DA:14,0
DA:15,0
DA:16,0
DA:18,0
DA:19,0
DA:20,0
DA:21,0
DA:23,0
DA:25,1
LF:17
LH:4
BRDA:5,0,0,0
BRDA:5,0,1,0
BRDA:15,1,0,0
BRDA:15,1,1,0
BRDA:20,2,0,0
BRDA:20,2,1,0
BRF:6
BRH:0
end_of_record
