TN:
SF:dist\server.js
FN:3,_typeof
FN:3,(anonymous_1)
FN:3,(anonymous_2)
FN:17,_interopRequireDefault
FN:18,_regeneratorRuntime
FN:18,_regeneratorRuntime
FN:18,(anonymous_6)
FN:18,define
FN:18,define
FN:18,wrap
FN:18,tryCatch
FN:18,Generator
FN:18,GeneratorFunction
FN:18,GeneratorFunctionPrototype
FN:18,(anonymous_14)
FN:18,defineIteratorMethods
FN:18,(anonymous_16)
FN:18,(anonymous_17)
FN:18,AsyncIterator
FN:18,invoke
FN:18,(anonymous_20)
FN:18,(anonymous_21)
FN:18,(anonymous_22)
FN:18,(anonymous_23)
FN:18,value
FN:18,callInvokeWithMethodAndArg
FN:18,(anonymous_26)
FN:18,makeInvokeMethod
FN:18,(anonymous_28)
FN:18,maybeInvokeDelegate
FN:18,pushTryEntry
FN:18,resetTryEntry
FN:18,Context
FN:18,values
FN:18,next
FN:18,(anonymous_35)
FN:18,(anonymous_36)
FN:18,(anonymous_37)
FN:18,(anonymous_38)
FN:18,(anonymous_39)
FN:18,(anonymous_40)
FN:18,(anonymous_41)
FN:18,(anonymous_42)
FN:18,(anonymous_43)
FN:18,next
FN:18,reset
FN:18,stop
FN:18,dispatchException
FN:18,handle
FN:18,abrupt
FN:18,complete
FN:18,finish
FN:18,_catch
FN:18,delegateYield
FN:19,asyncGeneratorStep
FN:20,_asyncToGenerator
FN:20,(anonymous_56)
FN:20,(anonymous_57)
FN:20,_next
FN:20,_throw
FN:31,_callee
FN:32,_callee$
FNF:62
FNH:24
FNDA:0,_typeof
FNDA:0,(anonymous_1)
FNDA:0,(anonymous_2)
FNDA:9,_interopRequireDefault
FNDA:1,_regeneratorRuntime
FNDA:1,_regeneratorRuntime
FNDA:0,(anonymous_6)
FNDA:13,define
FNDA:0,define
FNDA:1,wrap
FNDA:2,tryCatch
FNDA:0,Generator
FNDA:0,GeneratorFunction
FNDA:0,GeneratorFunctionPrototype
FNDA:0,(anonymous_14)
FNDA:2,defineIteratorMethods
FNDA:6,(anonymous_16)
FNDA:2,(anonymous_17)
FNDA:0,AsyncIterator
FNDA:0,invoke
FNDA:0,(anonymous_20)
FNDA:0,(anonymous_21)
FNDA:0,(anonymous_22)
FNDA:0,(anonymous_23)
FNDA:0,value
FNDA:0,callInvokeWithMethodAndArg
FNDA:0,(anonymous_26)
FNDA:1,makeInvokeMethod
FNDA:2,(anonymous_28)
FNDA:0,maybeInvokeDelegate
FNDA:0,pushTryEntry
FNDA:1,resetTryEntry
FNDA:1,Context
FNDA:1,values
FNDA:0,next
FNDA:0,(anonymous_35)
FNDA:1,(anonymous_36)
FNDA:0,(anonymous_37)
FNDA:0,(anonymous_38)
FNDA:0,(anonymous_39)
FNDA:0,(anonymous_40)
FNDA:0,(anonymous_41)
FNDA:0,(anonymous_42)
FNDA:0,(anonymous_43)
FNDA:0,next
FNDA:1,reset
FNDA:1,stop
FNDA:0,dispatchException
FNDA:0,handle
FNDA:0,abrupt
FNDA:0,complete
FNDA:0,finish
FNDA:0,_catch
FNDA:0,delegateYield
FNDA:2,asyncGeneratorStep
FNDA:1,_asyncToGenerator
FNDA:1,(anonymous_56)
FNDA:1,(anonymous_57)
FNDA:2,_next
FNDA:0,_throw
FNDA:1,_callee
FNDA:2,_callee$
DA:3,0
DA:4,1
DA:7,1
DA:8,1
DA:9,1
DA:10,1
DA:11,1
DA:12,1
DA:13,1
DA:14,1
DA:15,1
DA:16,1
DA:17,9
DA:18,13
DA:19,2
DA:20,2
DA:21,1
DA:22,1
DA:23,1
DA:24,1
DA:25,1
DA:26,1
DA:27,1
DA:28,1
DA:29,1
DA:30,1
DA:31,1
DA:32,1
DA:33,2
DA:35,1
DA:36,1
DA:39,1
DA:42,1
DA:46,1
LF:34
LH:33
BRDA:3,0,0,0
BRDA:3,0,1,0
BRDA:3,1,0,0
BRDA:3,1,1,0
BRDA:3,2,0,0
BRDA:3,2,1,0
BRDA:3,3,0,0
BRDA:3,3,1,0
BRDA:3,3,2,0
BRDA:3,3,3,0
BRDA:17,4,0,4
BRDA:17,4,1,5
BRDA:17,5,0,9
BRDA:17,5,1,9
BRDA:18,6,0,1
BRDA:18,6,1,0
BRDA:18,7,0,1
BRDA:18,7,1,0
BRDA:18,8,0,1
BRDA:18,8,1,0
BRDA:18,9,0,1
BRDA:18,9,1,0
BRDA:18,10,0,1
BRDA:18,10,1,0
BRDA:18,11,0,1
BRDA:18,11,1,0
BRDA:18,12,0,1
BRDA:18,12,1,1
BRDA:18,13,0,1
BRDA:18,13,1,1
BRDA:18,14,0,1
BRDA:18,14,1,1
BRDA:18,15,0,1
BRDA:18,15,1,1
BRDA:18,15,2,1
BRDA:18,15,3,1
BRDA:18,16,0,0
BRDA:18,16,1,0
BRDA:18,17,0,0
BRDA:18,17,1,0
BRDA:18,18,0,0
BRDA:18,18,1,0
BRDA:18,18,2,0
BRDA:18,19,0,0
BRDA:18,19,1,0
BRDA:18,20,0,0
BRDA:18,20,1,2
BRDA:18,21,0,0
BRDA:18,21,1,2
BRDA:18,22,0,0
BRDA:18,22,1,0
BRDA:18,23,0,0
BRDA:18,23,1,2
BRDA:18,24,0,0
BRDA:18,24,1,0
BRDA:18,25,0,0
BRDA:18,25,1,0
BRDA:18,26,0,2
BRDA:18,26,1,0
BRDA:18,27,0,0
BRDA:18,27,1,0
BRDA:18,28,0,0
BRDA:18,28,1,0
BRDA:18,29,0,0
BRDA:18,29,1,0
BRDA:18,30,0,2
BRDA:18,30,1,0
BRDA:18,31,0,0
BRDA:18,31,1,2
BRDA:18,32,0,1
BRDA:18,32,1,1
BRDA:18,33,0,0
BRDA:18,33,1,0
BRDA:18,34,0,0
BRDA:18,34,1,0
BRDA:18,35,0,0
BRDA:18,35,1,0
BRDA:18,35,2,0
BRDA:18,35,3,0
BRDA:18,35,4,0
BRDA:18,36,0,0
BRDA:18,36,1,0
BRDA:18,37,0,0
BRDA:18,37,1,0
BRDA:18,38,0,0
BRDA:18,38,1,0
BRDA:18,39,0,0
BRDA:18,39,1,0
BRDA:18,40,0,0
BRDA:18,40,1,0
BRDA:18,41,0,0
BRDA:18,41,1,0
BRDA:18,42,0,1
BRDA:18,42,1,1
BRDA:18,43,0,1
BRDA:18,43,1,0
BRDA:18,44,0,1
BRDA:18,44,1,0
BRDA:18,45,0,1
BRDA:18,45,1,0
BRDA:18,46,0,0
BRDA:18,46,1,0
BRDA:18,47,0,0
BRDA:18,47,1,0
BRDA:18,48,0,0
BRDA:18,48,1,0
BRDA:18,49,0,0
BRDA:18,49,1,0
BRDA:18,50,0,0
BRDA:18,50,1,0
BRDA:18,50,2,0
BRDA:18,51,0,0
BRDA:18,51,1,0
BRDA:18,52,0,1
BRDA:18,52,1,0
BRDA:18,53,0,0
BRDA:18,53,1,0
BRDA:18,54,0,0
BRDA:18,54,1,0
BRDA:18,55,0,0
BRDA:18,55,1,0
BRDA:18,56,0,0
BRDA:18,56,1,0
BRDA:18,57,0,0
BRDA:18,57,1,1
BRDA:18,58,0,0
BRDA:18,58,1,0
BRDA:18,58,2,0
BRDA:18,58,3,0
BRDA:18,59,0,0
BRDA:18,59,1,1
BRDA:18,60,0,0
BRDA:18,60,1,0
BRDA:18,61,0,0
BRDA:18,61,1,0
BRDA:18,62,0,0
BRDA:18,62,1,0
BRDA:18,63,0,0
BRDA:18,63,1,0
BRDA:18,64,0,0
BRDA:18,64,1,0
BRDA:18,65,0,0
BRDA:18,65,1,0
BRDA:18,66,0,0
BRDA:18,66,1,0
BRDA:18,67,0,0
BRDA:18,67,1,0
BRDA:18,68,0,0
BRDA:18,68,1,0
BRDA:18,69,0,0
BRDA:18,69,1,0
BRDA:18,70,0,0
BRDA:18,70,1,0
BRDA:18,71,0,0
BRDA:18,71,1,0
BRDA:18,72,0,0
BRDA:18,72,1,0
BRDA:18,73,0,0
BRDA:18,73,1,0
BRDA:18,73,2,0
BRDA:18,74,0,0
BRDA:18,74,1,0
BRDA:18,74,2,0
BRDA:18,74,3,0
BRDA:18,74,4,0
BRDA:18,74,5,0
BRDA:18,75,0,0
BRDA:18,75,1,0
BRDA:18,76,0,0
BRDA:18,76,1,0
BRDA:18,77,0,0
BRDA:18,77,1,0
BRDA:18,78,0,0
BRDA:18,78,1,0
BRDA:18,79,0,0
BRDA:18,79,1,0
BRDA:18,80,0,0
BRDA:18,80,1,0
BRDA:18,81,0,0
BRDA:18,81,1,0
BRDA:18,81,2,0
BRDA:18,82,0,0
BRDA:18,82,1,0
BRDA:18,83,0,0
BRDA:18,83,1,0
BRDA:18,84,0,0
BRDA:18,84,1,0
BRDA:18,85,0,0
BRDA:18,85,1,0
BRDA:19,86,0,1
BRDA:19,86,1,1
BRDA:29,87,0,1
BRDA:29,87,1,0
BRDA:33,88,0,1
BRDA:33,88,1,1
BRDA:33,88,2,1
BRDA:33,88,3,1
BRF:197
BRH:43
end_of_record
TN:
SF:dist\Schemas\OrderModel.js
FNF:0
FNH:0
DA:3,1
DA:39,1
LF:2
LH:2
BRF:0
BRH:0
end_of_record
TN:
SF:dist\configs\connectDbAdmin.js
FN:4,(anonymous_0)
FNF:1
FNH:0
FNDA:0,(anonymous_0)
DA:2,1
DA:3,1
DA:4,1
DA:5,0
DA:6,0
DA:7,0
DA:10,0
LF:7
LH:3
BRF:0
BRH:0
end_of_record
TN:
SF:dist\configs\connectToMongogoDB.js
FN:2,(anonymous_0)
FNF:1
FNH:1
FNDA:1,(anonymous_0)
DA:2,1
DA:3,1
DA:4,1
DA:5,1
DA:6,1
DA:9,0
LF:6
LH:5
BRF:0
BRH:0
end_of_record
TN:
SF:dist\controllers\orderController.js
FN:5,(anonymous_0)
FN:12,(anonymous_1)
FN:23,(anonymous_2)
FNF:3
FNH:3
FNDA:1,(anonymous_0)
FNDA:1,(anonymous_1)
FNDA:1,(anonymous_2)
DA:5,1
DA:6,1
DA:7,1
DA:8,0
DA:10,1
DA:12,1
DA:13,1
DA:14,1
DA:15,0
DA:17,1
DA:18,1
DA:19,0
DA:21,1
DA:23,1
DA:24,1
DA:25,1
DA:26,0
DA:28,1
LF:18
LH:14
BRDA:7,0,0,0
BRDA:7,0,1,1
BRDA:14,1,0,0
BRDA:14,1,1,1
BRDA:18,2,0,0
BRDA:18,2,1,1
BRDA:25,3,0,0
BRDA:25,3,1,1
BRF:8
BRH:4
end_of_record
TN:
SF:dist\controllers\userController.js
FN:4,(anonymous_0)
FN:14,(anonymous_1)
FN:26,(anonymous_2)
FNF:3
FNH:0
FNDA:0,(anonymous_0)
FNDA:0,(anonymous_1)
FNDA:0,(anonymous_2)
DA:4,1
DA:5,0
DA:6,0
DA:7,0
DA:10,0
DA:11,0
DA:14,1
DA:15,0
DA:16,0
DA:17,0
DA:19,0
DA:20,0
DA:21,0
DA:22,0
DA:24,0
DA:26,1
DA:27,0
DA:28,0
DA:29,0
DA:30,0
DA:31,0
DA:32,0
DA:33,0
DA:34,0
DA:37,0
DA:40,1
LF:26
LH:4
BRDA:16,0,0,0
BRDA:16,0,1,0
BRDA:21,1,0,0
BRDA:21,1,1,0
BRF:4
BRH:0
end_of_record
TN:
SF:dist\dal\orderDal.js
FN:2,(anonymous_0)
FN:6,(anonymous_1)
FN:10,(anonymous_2)
FNF:3
FNH:3
FNDA:1,(anonymous_0)
FNDA:1,(anonymous_1)
FNDA:1,(anonymous_2)
DA:2,1
DA:3,1
DA:4,1
DA:6,1
DA:7,1
DA:8,1
DA:10,1
DA:11,1
DA:12,1
LF:9
LH:9
BRF:0
BRH:0
end_of_record
TN:
SF:dist\dal\userDal.js
FN:3,(anonymous_0)
FN:27,(anonymous_1)
FN:37,(anonymous_2)
FNF:3
FNH:0
FNDA:0,(anonymous_0)
FNDA:0,(anonymous_1)
FNDA:0,(anonymous_2)
DA:3,1
DA:4,0
DA:5,0
DA:6,0
DA:7,0
DA:8,0
DA:10,0
DA:17,0
DA:21,0
DA:24,0
DA:27,1
DA:28,0
DA:29,0
DA:30,0
DA:31,0
DA:34,0
DA:37,1
DA:38,0
DA:39,0
DA:42,0
DA:45,1
LF:21
LH:4
BRDA:7,0,0,0
BRDA:7,0,1,0
BRF:2
BRH:0
end_of_record
TN:
SF:dist\middlewares\token.js
FN:4,(anonymous_0)
FN:13,(anonymous_1)
FNF:2
FNH:0
FNDA:0,(anonymous_0)
FNDA:0,(anonymous_1)
DA:4,1
DA:5,0
DA:6,0
DA:7,0
DA:10,0
DA:13,1
DA:14,0
DA:15,0
DA:16,0
DA:18,0
DA:19,0
DA:20,0
DA:21,0
DA:22,0
DA:25,0
LF:15
LH:2
BRDA:5,0,0,0
BRDA:5,0,1,0
BRDA:15,1,0,0
BRDA:15,1,1,0
BRF:4
BRH:0
end_of_record
TN:
SF:dist\routes\ordersRoutes.js
FNF:0
FNH:0
DA:3,1
DA:4,1
DA:5,1
DA:6,1
LF:4
LH:4
BRF:0
BRH:0
end_of_record
TN:
SF:dist\routes\userRoutes.js
FNF:0
FNH:0
DA:3,1
DA:4,1
DA:5,1
LF:3
LH:3
BRF:0
BRH:0
end_of_record
TN:
SF:dist\services\isEnumValue.js
FN:1,isEnumValue
FNF:1
FNH:1
FNDA:2,isEnumValue
DA:2,2
LF:1
LH:1
BRF:0
BRH:0
end_of_record
TN:
SF:dist\services\orderServices.js
FN:6,(anonymous_0)
FN:32,(anonymous_1)
FN:39,(anonymous_2)
FNF:3
FNH:3
FNDA:1,(anonymous_0)
FNDA:1,(anonymous_1)
FNDA:1,(anonymous_2)
DA:6,1
DA:7,1
DA:8,0
DA:9,0
DA:11,1
DA:12,0
DA:13,0
DA:15,1
DA:19,1
DA:20,1
DA:21,0
DA:24,1
DA:25,0
DA:28,1
DA:32,1
DA:33,1
DA:34,1
DA:35,0
DA:37,1
DA:39,1
DA:40,1
DA:41,1
DA:42,0
DA:45,1
LF:24
LH:16
BRDA:7,0,0,0
BRDA:7,0,1,1
BRDA:11,1,0,0
BRDA:11,1,1,1
BRDA:20,2,0,0
BRDA:20,2,1,1
BRDA:24,3,0,0
BRDA:24,3,1,1
BRDA:34,4,0,0
BRDA:34,4,1,1
BRDA:41,5,0,0
BRDA:41,5,1,1
BRF:12
BRH:6
end_of_record
TN:
SF:dist\services\userService.js
FN:3,(anonymous_0)
FN:18,(anonymous_1)
FN:24,(anonymous_2)
FNF:3
FNH:0
FNDA:0,(anonymous_0)
FNDA:0,(anonymous_1)
FNDA:0,(anonymous_2)
DA:3,1
DA:4,0
DA:5,0
DA:6,0
DA:7,0
DA:15,0
DA:16,0
DA:18,1
DA:19,0
DA:20,0
DA:21,0
DA:22,0
DA:24,1
DA:25,0
DA:26,0
DA:27,0
DA:28,0
DA:30,1
LF:18
LH:4
BRDA:20,0,0,0
BRDA:20,0,1,0
BRDA:26,1,0,0
BRDA:26,1,1,0
BRF:4
BRH:0
end_of_record
TN:
SF:dist\types\Order.js
FN:2,(anonymous_0)
FNF:1
FNH:1
FNDA:1,(anonymous_0)
DA:2,1
DA:3,1
DA:4,1
DA:5,1
DA:6,1
DA:8,1
LF:6
LH:6
BRDA:7,0,0,1
BRDA:7,0,1,1
BRF:2
BRH:2
end_of_record
TN:
SF:dist\types\RequestError.js
FN:3,(anonymous_0)
FNF:1
FNH:0
FNDA:0,(anonymous_0)
DA:4,0
DA:5,0
LF:2
LH:0
BRF:0
BRH:0
end_of_record
TN:
SF:dist\utils\RequestError.js
FN:3,(anonymous_0)
FNF:1
FNH:0
FNDA:0,(anonymous_0)
DA:4,0
DA:5,0
LF:2
LH:0
BRF:0
BRH:0
end_of_record
TN:
SF:dist\utils\StatusCodes.js
FNF:0
FNH:0
DA:1,1
LF:1
LH:1
BRF:0
BRH:0
end_of_record
TN:
SF:dist\utils\validate.js
FN:3,(anonymous_0)
FN:9,(anonymous_1)
FN:13,(anonymous_2)
FNF:3
FNH:0
FNDA:0,(anonymous_0)
FNDA:0,(anonymous_1)
FNDA:0,(anonymous_2)
DA:3,1
DA:4,0
DA:5,0
DA:6,0
DA:9,1
DA:10,0
DA:11,0
DA:13,1
DA:14,0
DA:15,0
DA:16,0
DA:18,0
DA:19,0
DA:20,0
DA:21,0
DA:23,0
DA:25,1
LF:17
LH:4
BRDA:5,0,0,0
BRDA:5,0,1,0
BRDA:15,1,0,0
BRDA:15,1,1,0
BRDA:20,2,0,0
BRDA:20,2,1,0
BRF:6
BRH:0
end_of_record
